<?xml version="1.0" ?>
<!DOCTYPE coverage SYSTEM "http://cobertura.sourceforge.net/xml/coverage-04.dtd">
<coverage lines-valid="15"  lines-covered="15"  line-rate="1"  branches-valid="9138"  branches-covered="1166"  branch-rate="0.1276"  timestamp="1436981990598" complexity="0" version="0.1">
<sources>
	<source>D:\ideasdigitally\nowplaying\nowplaying\test\config</source>
</sources>
<packages>
	<package name="..app.js.dist"  line-rate="1"  branch-rate="0.1276" >
	<classes>
		<class name="nowplaying.min.js"  filename="app\js\dist\nowplaying.min.js"  line-rate="1"  branch-rate="0.1276" >
		<methods>
			<method name="a"  hits="1"  signature="()V" >
				<lines><line number="3"  hits="1" /></lines>
			</method>
			<method name="e"  hits="490"  signature="()V" >
				<lines><line number="3"  hits="490" /></lines>
			</method>
			<method name="(anonymous_3)"  hits="489"  signature="()V" >
				<lines><line number="3"  hits="489" /></lines>
			</method>
			<method name="(anonymous_4)"  hits="1"  signature="()V" >
				<lines><line number="3"  hits="1" /></lines>
			</method>
			<method name="d"  hits="5"  signature="()V" >
				<lines><line number="3"  hits="5" /></lines>
			</method>
			<method name="e"  hits="2"  signature="()V" >
				<lines><line number="3"  hits="2" /></lines>
			</method>
			<method name="(anonymous_7)"  hits="0"  signature="()V" >
				<lines><line number="3"  hits="0" /></lines>
			</method>
			<method name="(anonymous_8)"  hits="2"  signature="()V" >
				<lines><line number="3"  hits="2" /></lines>
			</method>
			<method name="(anonymous_9)"  hits="1"  signature="()V" >
				<lines><line number="3"  hits="1" /></lines>
			</method>
			<method name="d"  hits="4"  signature="()V" >
				<lines><line number="3"  hits="4" /></lines>
			</method>
			<method name="(anonymous_11)"  hits="1"  signature="()V" >
				<lines><line number="3"  hits="1" /></lines>
			</method>
			<method name="a"  hits="1"  signature="()V" >
				<lines><line number="3"  hits="1" /></lines>
			</method>
			<method name="(anonymous_13)"  hits="1"  signature="()V" >
				<lines><line number="3"  hits="1" /></lines>
			</method>
			<method name="(anonymous_14)"  hits="1"  signature="()V" >
				<lines><line number="3"  hits="1" /></lines>
			</method>
			<method name="a"  hits="2"  signature="()V" >
				<lines><line number="3"  hits="2" /></lines>
			</method>
			<method name="(anonymous_16)"  hits="2"  signature="()V" >
				<lines><line number="3"  hits="2" /></lines>
			</method>
			<method name="h"  hits="2"  signature="()V" >
				<lines><line number="3"  hits="2" /></lines>
			</method>
			<method name="(anonymous_18)"  hits="2"  signature="()V" >
				<lines><line number="3"  hits="2" /></lines>
			</method>
			<method name="(anonymous_19)"  hits="1"  signature="()V" >
				<lines><line number="3"  hits="1" /></lines>
			</method>
			<method name="d"  hits="0"  signature="()V" >
				<lines><line number="3"  hits="0" /></lines>
			</method>
			<method name="(anonymous_21)"  hits="1"  signature="()V" >
				<lines><line number="3"  hits="1" /></lines>
			</method>
			<method name="a"  hits="1"  signature="()V" >
				<lines><line number="3"  hits="1" /></lines>
			</method>
			<method name="(anonymous_23)"  hits="1"  signature="()V" >
				<lines><line number="3"  hits="1" /></lines>
			</method>
			<method name="(anonymous_24)"  hits="1"  signature="()V" >
				<lines><line number="3"  hits="1" /></lines>
			</method>
			<method name="a"  hits="0"  signature="()V" >
				<lines><line number="3"  hits="0" /></lines>
			</method>
			<method name="(anonymous_26)"  hits="0"  signature="()V" >
				<lines><line number="3"  hits="0" /></lines>
			</method>
			<method name="(anonymous_27)"  hits="0"  signature="()V" >
				<lines><line number="3"  hits="0" /></lines>
			</method>
			<method name="(anonymous_28)"  hits="1"  signature="()V" >
				<lines><line number="3"  hits="1" /></lines>
			</method>
			<method name="d"  hits="1"  signature="()V" >
				<lines><line number="3"  hits="1" /></lines>
			</method>
			<method name="(anonymous_30)"  hits="1"  signature="()V" >
				<lines><line number="3"  hits="1" /></lines>
			</method>
			<method name="a"  hits="1"  signature="()V" >
				<lines><line number="3"  hits="1" /></lines>
			</method>
			<method name="(anonymous_32)"  hits="1"  signature="()V" >
				<lines><line number="3"  hits="1" /></lines>
			</method>
			<method name="(anonymous_33)"  hits="1"  signature="()V" >
				<lines><line number="3"  hits="1" /></lines>
			</method>
			<method name="a"  hits="1"  signature="()V" >
				<lines><line number="3"  hits="1" /></lines>
			</method>
			<method name="(anonymous_35)"  hits="1"  signature="()V" >
				<lines><line number="3"  hits="1" /></lines>
			</method>
			<method name="(anonymous_36)"  hits="0"  signature="()V" >
				<lines><line number="3"  hits="0" /></lines>
			</method>
			<method name="(anonymous_37)"  hits="0"  signature="()V" >
				<lines><line number="3"  hits="0" /></lines>
			</method>
			<method name="(anonymous_38)"  hits="1"  signature="()V" >
				<lines><line number="3"  hits="1" /></lines>
			</method>
			<method name="(anonymous_39)"  hits="1"  signature="()V" >
				<lines><line number="3"  hits="1" /></lines>
			</method>
			<method name="d"  hits="2"  signature="()V" >
				<lines><line number="3"  hits="2" /></lines>
			</method>
			<method name="a"  hits="0"  signature="()V" >
				<lines><line number="3"  hits="0" /></lines>
			</method>
			<method name="c"  hits="4"  signature="()V" >
				<lines><line number="3"  hits="4" /></lines>
			</method>
			<method name="(anonymous_43)"  hits="0"  signature="()V" >
				<lines><line number="3"  hits="0" /></lines>
			</method>
			<method name="(anonymous_44)"  hits="4"  signature="()V" >
				<lines><line number="3"  hits="4" /></lines>
			</method>
			<method name="(anonymous_45)"  hits="2"  signature="()V" >
				<lines><line number="3"  hits="2" /></lines>
			</method>
			<method name="(anonymous_46)"  hits="0"  signature="()V" >
				<lines><line number="3"  hits="0" /></lines>
			</method>
			<method name="l"  hits="0"  signature="()V" >
				<lines><line number="3"  hits="0" /></lines>
			</method>
			<method name="m"  hits="0"  signature="()V" >
				<lines><line number="3"  hits="0" /></lines>
			</method>
			<method name="n"  hits="0"  signature="()V" >
				<lines><line number="3"  hits="0" /></lines>
			</method>
			<method name="(anonymous_50)"  hits="0"  signature="()V" >
				<lines><line number="3"  hits="0" /></lines>
			</method>
			<method name="(anonymous_51)"  hits="0"  signature="()V" >
				<lines><line number="3"  hits="0" /></lines>
			</method>
			<method name="(anonymous_52)"  hits="0"  signature="()V" >
				<lines><line number="3"  hits="0" /></lines>
			</method>
			<method name="(anonymous_53)"  hits="0"  signature="()V" >
				<lines><line number="3"  hits="0" /></lines>
			</method>
			<method name="o"  hits="0"  signature="()V" >
				<lines><line number="3"  hits="0" /></lines>
			</method>
			<method name="(anonymous_55)"  hits="0"  signature="()V" >
				<lines><line number="3"  hits="0" /></lines>
			</method>
			<method name="p"  hits="0"  signature="()V" >
				<lines><line number="3"  hits="0" /></lines>
			</method>
			<method name="(anonymous_57)"  hits="0"  signature="()V" >
				<lines><line number="3"  hits="0" /></lines>
			</method>
			<method name="(anonymous_58)"  hits="0"  signature="()V" >
				<lines><line number="3"  hits="0" /></lines>
			</method>
			<method name="(anonymous_59)"  hits="0"  signature="()V" >
				<lines><line number="3"  hits="0" /></lines>
			</method>
			<method name="(anonymous_60)"  hits="0"  signature="()V" >
				<lines><line number="3"  hits="0" /></lines>
			</method>
			<method name="e"  hits="2"  signature="()V" >
				<lines><line number="3"  hits="2" /></lines>
			</method>
			<method name="(anonymous_62)"  hits="0"  signature="()V" >
				<lines><line number="3"  hits="0" /></lines>
			</method>
			<method name="f"  hits="0"  signature="()V" >
				<lines><line number="3"  hits="0" /></lines>
			</method>
			<method name="(anonymous_64)"  hits="0"  signature="()V" >
				<lines><line number="3"  hits="0" /></lines>
			</method>
			<method name="j"  hits="0"  signature="()V" >
				<lines><line number="3"  hits="0" /></lines>
			</method>
			<method name="(anonymous_66)"  hits="0"  signature="()V" >
				<lines><line number="3"  hits="0" /></lines>
			</method>
			<method name="k"  hits="0"  signature="()V" >
				<lines><line number="3"  hits="0" /></lines>
			</method>
			<method name="(anonymous_68)"  hits="0"  signature="()V" >
				<lines><line number="3"  hits="0" /></lines>
			</method>
			<method name="(anonymous_69)"  hits="0"  signature="()V" >
				<lines><line number="3"  hits="0" /></lines>
			</method>
			<method name="g"  hits="0"  signature="()V" >
				<lines><line number="3"  hits="0" /></lines>
			</method>
			<method name="(anonymous_71)"  hits="0"  signature="()V" >
				<lines><line number="3"  hits="0" /></lines>
			</method>
			<method name="(anonymous_72)"  hits="1"  signature="()V" >
				<lines><line number="3"  hits="1" /></lines>
			</method>
			<method name="(anonymous_73)"  hits="1"  signature="()V" >
				<lines><line number="3"  hits="1" /></lines>
			</method>
			<method name="(anonymous_74)"  hits="1"  signature="()V" >
				<lines><line number="3"  hits="1" /></lines>
			</method>
			<method name="d"  hits="22"  signature="()V" >
				<lines><line number="3"  hits="22" /></lines>
			</method>
			<method name="(anonymous_76)"  hits="1"  signature="()V" >
				<lines><line number="3"  hits="1" /></lines>
			</method>
			<method name="e"  hits="44"  signature="()V" >
				<lines><line number="3"  hits="44" /></lines>
			</method>
			<method name="f"  hits="105"  signature="()V" >
				<lines><line number="3"  hits="105" /></lines>
			</method>
			<method name="g"  hits="0"  signature="()V" >
				<lines><line number="3"  hits="0" /></lines>
			</method>
			<method name="h"  hits="14"  signature="()V" >
				<lines><line number="3"  hits="14" /></lines>
			</method>
			<method name="(anonymous_81)"  hits="238"  signature="()V" >
				<lines><line number="3"  hits="238" /></lines>
			</method>
			<method name="i"  hits="6"  signature="()V" >
				<lines><line number="3"  hits="6" /></lines>
			</method>
			<method name="j"  hits="29"  signature="()V" >
				<lines><line number="3"  hits="29" /></lines>
			</method>
			<method name="k"  hits="25"  signature="()V" >
				<lines><line number="3"  hits="25" /></lines>
			</method>
			<method name="l"  hits="25"  signature="()V" >
				<lines><line number="3"  hits="25" /></lines>
			</method>
			<method name="m"  hits="0"  signature="()V" >
				<lines><line number="3"  hits="0" /></lines>
			</method>
			<method name="n"  hits="2"  signature="()V" >
				<lines><line number="3"  hits="2" /></lines>
			</method>
			<method name="o"  hits="2"  signature="()V" >
				<lines><line number="3"  hits="2" /></lines>
			</method>
			<method name="p"  hits="2"  signature="()V" >
				<lines><line number="3"  hits="2" /></lines>
			</method>
			<method name="q"  hits="2"  signature="()V" >
				<lines><line number="3"  hits="2" /></lines>
			</method>
			<method name="r"  hits="14"  signature="()V" >
				<lines><line number="3"  hits="14" /></lines>
			</method>
			<method name="(anonymous_92)"  hits="2"  signature="()V" >
				<lines><line number="3"  hits="2" /></lines>
			</method>
			<method name="s"  hits="0"  signature="()V" >
				<lines><line number="3"  hits="0" /></lines>
			</method>
			<method name="t"  hits="36"  signature="()V" >
				<lines><line number="3"  hits="36" /></lines>
			</method>
			<method name="u"  hits="39"  signature="()V" >
				<lines><line number="3"  hits="39" /></lines>
			</method>
			<method name="v"  hits="403"  signature="()V" >
				<lines><line number="3"  hits="403" /></lines>
			</method>
			<method name="w"  hits="39"  signature="()V" >
				<lines><line number="3"  hits="39" /></lines>
			</method>
			<method name="x"  hits="475"  signature="()V" >
				<lines><line number="3"  hits="475" /></lines>
			</method>
			<method name="y"  hits="0"  signature="()V" >
				<lines><line number="3"  hits="0" /></lines>
			</method>
			<method name="z"  hits="4"  signature="()V" >
				<lines><line number="3"  hits="4" /></lines>
			</method>
			<method name="A"  hits="615"  signature="()V" >
				<lines><line number="3"  hits="615" /></lines>
			</method>
			<method name="B"  hits="4"  signature="()V" >
				<lines><line number="3"  hits="4" /></lines>
			</method>
			<method name="C"  hits="56"  signature="()V" >
				<lines><line number="3"  hits="56" /></lines>
			</method>
			<method name="D"  hits="12"  signature="()V" >
				<lines><line number="3"  hits="12" /></lines>
			</method>
			<method name="E"  hits="0"  signature="()V" >
				<lines><line number="3"  hits="0" /></lines>
			</method>
			<method name="F"  hits="0"  signature="()V" >
				<lines><line number="3"  hits="0" /></lines>
			</method>
			<method name="G"  hits="0"  signature="()V" >
				<lines><line number="3"  hits="0" /></lines>
			</method>
			<method name="H"  hits="0"  signature="()V" >
				<lines><line number="3"  hits="0" /></lines>
			</method>
			<method name="I"  hits="4"  signature="()V" >
				<lines><line number="3"  hits="4" /></lines>
			</method>
			<method name="J"  hits="16"  signature="()V" >
				<lines><line number="3"  hits="16" /></lines>
			</method>
			<method name="K"  hits="0"  signature="()V" >
				<lines><line number="3"  hits="0" /></lines>
			</method>
			<method name="L"  hits="2"  signature="()V" >
				<lines><line number="3"  hits="2" /></lines>
			</method>
			<method name="M"  hits="4"  signature="()V" >
				<lines><line number="3"  hits="4" /></lines>
			</method>
			<method name="N"  hits="0"  signature="()V" >
				<lines><line number="3"  hits="0" /></lines>
			</method>
			<method name="O"  hits="12"  signature="()V" >
				<lines><line number="3"  hits="12" /></lines>
			</method>
			<method name="(anonymous_116)"  hits="0"  signature="()V" >
				<lines><line number="3"  hits="0" /></lines>
			</method>
			<method name="P"  hits="10"  signature="()V" >
				<lines><line number="3"  hits="10" /></lines>
			</method>
			<method name="Q"  hits="0"  signature="()V" >
				<lines><line number="3"  hits="0" /></lines>
			</method>
			<method name="R"  hits="5"  signature="()V" >
				<lines><line number="3"  hits="5" /></lines>
			</method>
			<method name="S"  hits="0"  signature="()V" >
				<lines><line number="3"  hits="0" /></lines>
			</method>
			<method name="T"  hits="2"  signature="()V" >
				<lines><line number="3"  hits="2" /></lines>
			</method>
			<method name="(anonymous_122)"  hits="0"  signature="()V" >
				<lines><line number="3"  hits="0" /></lines>
			</method>
			<method name="(anonymous_123)"  hits="0"  signature="()V" >
				<lines><line number="3"  hits="0" /></lines>
			</method>
			<method name="U"  hits="0"  signature="()V" >
				<lines><line number="3"  hits="0" /></lines>
			</method>
			<method name="V"  hits="0"  signature="()V" >
				<lines><line number="3"  hits="0" /></lines>
			</method>
			<method name="W"  hits="0"  signature="()V" >
				<lines><line number="3"  hits="0" /></lines>
			</method>
			<method name="X"  hits="0"  signature="()V" >
				<lines><line number="3"  hits="0" /></lines>
			</method>
			<method name="Y"  hits="0"  signature="()V" >
				<lines><line number="3"  hits="0" /></lines>
			</method>
			<method name="Z"  hits="0"  signature="()V" >
				<lines><line number="3"  hits="0" /></lines>
			</method>
			<method name="$"  hits="0"  signature="()V" >
				<lines><line number="3"  hits="0" /></lines>
			</method>
			<method name="(anonymous_131)"  hits="0"  signature="()V" >
				<lines><line number="3"  hits="0" /></lines>
			</method>
			<method name="_"  hits="0"  signature="()V" >
				<lines><line number="3"  hits="0" /></lines>
			</method>
			<method name="aa"  hits="0"  signature="()V" >
				<lines><line number="3"  hits="0" /></lines>
			</method>
			<method name="(anonymous_134)"  hits="0"  signature="()V" >
				<lines><line number="3"  hits="0" /></lines>
			</method>
			<method name="ba"  hits="0"  signature="()V" >
				<lines><line number="3"  hits="0" /></lines>
			</method>
			<method name="(anonymous_136)"  hits="0"  signature="()V" >
				<lines><line number="3"  hits="0" /></lines>
			</method>
			<method name="(anonymous_137)"  hits="0"  signature="()V" >
				<lines><line number="3"  hits="0" /></lines>
			</method>
			<method name="ca"  hits="0"  signature="()V" >
				<lines><line number="3"  hits="0" /></lines>
			</method>
			<method name="da"  hits="0"  signature="()V" >
				<lines><line number="3"  hits="0" /></lines>
			</method>
			<method name="ea"  hits="0"  signature="()V" >
				<lines><line number="3"  hits="0" /></lines>
			</method>
			<method name="fa"  hits="1"  signature="()V" >
				<lines><line number="3"  hits="1" /></lines>
			</method>
			<method name="(anonymous_142)"  hits="4"  signature="()V" >
				<lines><line number="3"  hits="4" /></lines>
			</method>
			<method name="(anonymous_143)"  hits="4"  signature="()V" >
				<lines><line number="3"  hits="4" /></lines>
			</method>
			<method name="ga"  hits="0"  signature="()V" >
				<lines><line number="3"  hits="0" /></lines>
			</method>
			<method name="(anonymous_145)"  hits="0"  signature="()V" >
				<lines><line number="3"  hits="0" /></lines>
			</method>
			<method name="(anonymous_146)"  hits="0"  signature="()V" >
				<lines><line number="3"  hits="0" /></lines>
			</method>
			<method name="(anonymous_147)"  hits="0"  signature="()V" >
				<lines><line number="3"  hits="0" /></lines>
			</method>
			<method name="(anonymous_148)"  hits="0"  signature="()V" >
				<lines><line number="3"  hits="0" /></lines>
			</method>
			<method name="(anonymous_149)"  hits="0"  signature="()V" >
				<lines><line number="3"  hits="0" /></lines>
			</method>
			<method name="(anonymous_150)"  hits="0"  signature="()V" >
				<lines><line number="3"  hits="0" /></lines>
			</method>
			<method name="(anonymous_151)"  hits="0"  signature="()V" >
				<lines><line number="3"  hits="0" /></lines>
			</method>
			<method name="ha"  hits="0"  signature="()V" >
				<lines><line number="3"  hits="0" /></lines>
			</method>
			<method name="ia"  hits="0"  signature="()V" >
				<lines><line number="3"  hits="0" /></lines>
			</method>
			<method name="ja"  hits="0"  signature="()V" >
				<lines><line number="3"  hits="0" /></lines>
			</method>
			<method name="(anonymous_155)"  hits="0"  signature="()V" >
				<lines><line number="3"  hits="0" /></lines>
			</method>
			<method name="ka"  hits="1"  signature="()V" >
				<lines><line number="3"  hits="1" /></lines>
			</method>
			<method name="(anonymous_157)"  hits="0"  signature="()V" >
				<lines><line number="3"  hits="0" /></lines>
			</method>
			<method name="la"  hits="228"  signature="()V" >
				<lines><line number="3"  hits="228" /></lines>
			</method>
			<method name="ma"  hits="64"  signature="()V" >
				<lines><line number="3"  hits="64" /></lines>
			</method>
			<method name="na"  hits="430"  signature="()V" >
				<lines><line number="3"  hits="430" /></lines>
			</method>
			<method name="oa"  hits="0"  signature="()V" >
				<lines><line number="3"  hits="0" /></lines>
			</method>
			<method name="pa"  hits="0"  signature="()V" >
				<lines><line number="3"  hits="0" /></lines>
			</method>
			<method name="qa"  hits="11"  signature="()V" >
				<lines><line number="3"  hits="11" /></lines>
			</method>
			<method name="ra"  hits="1"  signature="()V" >
				<lines><line number="3"  hits="1" /></lines>
			</method>
			<method name="b"  hits="20"  signature="()V" >
				<lines><line number="3"  hits="20" /></lines>
			</method>
			<method name="(anonymous_166)"  hits="1"  signature="()V" >
				<lines><line number="3"  hits="1" /></lines>
			</method>
			<method name="(anonymous_167)"  hits="18"  signature="()V" >
				<lines><line number="3"  hits="18" /></lines>
			</method>
			<method name="(anonymous_168)"  hits="18"  signature="()V" >
				<lines><line number="3"  hits="18" /></lines>
			</method>
			<method name="(anonymous_169)"  hits="8"  signature="()V" >
				<lines><line number="3"  hits="8" /></lines>
			</method>
			<method name="a"  hits="21"  signature="()V" >
				<lines><line number="3"  hits="21" /></lines>
			</method>
			<method name="(anonymous_171)"  hits="5"  signature="()V" >
				<lines><line number="3"  hits="5" /></lines>
			</method>
			<method name="b"  hits="56"  signature="()V" >
				<lines><line number="3"  hits="56" /></lines>
			</method>
			<method name="(anonymous_173)"  hits="8"  signature="()V" >
				<lines><line number="3"  hits="8" /></lines>
			</method>
			<method name="(anonymous_174)"  hits="0"  signature="()V" >
				<lines><line number="3"  hits="0" /></lines>
			</method>
			<method name="sa"  hits="0"  signature="()V" >
				<lines><line number="3"  hits="0" /></lines>
			</method>
			<method name="(anonymous_176)"  hits="0"  signature="()V" >
				<lines><line number="3"  hits="0" /></lines>
			</method>
			<method name="ta"  hits="2"  signature="()V" >
				<lines><line number="3"  hits="2" /></lines>
			</method>
			<method name="ua"  hits="1"  signature="()V" >
				<lines><line number="3"  hits="1" /></lines>
			</method>
			<method name="(anonymous_179)"  hits="2"  signature="()V" >
				<lines><line number="3"  hits="2" /></lines>
			</method>
			<method name="va"  hits="4"  signature="()V" >
				<lines><line number="3"  hits="4" /></lines>
			</method>
			<method name="wa"  hits="61"  signature="()V" >
				<lines><line number="3"  hits="61" /></lines>
			</method>
			<method name="(anonymous_182)"  hits="99"  signature="()V" >
				<lines><line number="3"  hits="99" /></lines>
			</method>
			<method name="xa"  hits="5"  signature="()V" >
				<lines><line number="3"  hits="5" /></lines>
			</method>
			<method name="ya"  hits="10"  signature="()V" >
				<lines><line number="3"  hits="10" /></lines>
			</method>
			<method name="za"  hits="0"  signature="()V" >
				<lines><line number="3"  hits="0" /></lines>
			</method>
			<method name="Aa"  hits="5"  signature="()V" >
				<lines><line number="3"  hits="5" /></lines>
			</method>
			<method name="(anonymous_187)"  hits="5"  signature="()V" >
				<lines><line number="3"  hits="5" /></lines>
			</method>
			<method name="Ba"  hits="5"  signature="()V" >
				<lines><line number="3"  hits="5" /></lines>
			</method>
			<method name="Ca"  hits="29"  signature="()V" >
				<lines><line number="3"  hits="29" /></lines>
			</method>
			<method name="Da"  hits="0"  signature="()V" >
				<lines><line number="3"  hits="0" /></lines>
			</method>
			<method name="Ea"  hits="4"  signature="()V" >
				<lines><line number="3"  hits="4" /></lines>
			</method>
			<method name="Fa"  hits="2"  signature="()V" >
				<lines><line number="3"  hits="2" /></lines>
			</method>
			<method name="(anonymous_193)"  hits="0"  signature="()V" >
				<lines><line number="3"  hits="0" /></lines>
			</method>
			<method name="Ga"  hits="0"  signature="()V" >
				<lines><line number="3"  hits="0" /></lines>
			</method>
			<method name="Ha"  hits="12"  signature="()V" >
				<lines><line number="3"  hits="12" /></lines>
			</method>
			<method name="Ia"  hits="8"  signature="()V" >
				<lines><line number="3"  hits="8" /></lines>
			</method>
			<method name="Ja"  hits="0"  signature="()V" >
				<lines><line number="3"  hits="0" /></lines>
			</method>
			<method name="Ka"  hits="0"  signature="()V" >
				<lines><line number="3"  hits="0" /></lines>
			</method>
			<method name="(anonymous_199)"  hits="0"  signature="()V" >
				<lines><line number="3"  hits="0" /></lines>
			</method>
			<method name="La"  hits="4"  signature="()V" >
				<lines><line number="3"  hits="4" /></lines>
			</method>
			<method name="(anonymous_201)"  hits="4"  signature="()V" >
				<lines><line number="3"  hits="4" /></lines>
			</method>
			<method name="Ma"  hits="15"  signature="()V" >
				<lines><line number="3"  hits="15" /></lines>
			</method>
			<method name="Na"  hits="0"  signature="()V" >
				<lines><line number="3"  hits="0" /></lines>
			</method>
			<method name="Oa"  hits="0"  signature="()V" >
				<lines><line number="3"  hits="0" /></lines>
			</method>
			<method name="Pa"  hits="2"  signature="()V" >
				<lines><line number="3"  hits="2" /></lines>
			</method>
			<method name="Qa"  hits="0"  signature="()V" >
				<lines><line number="3"  hits="0" /></lines>
			</method>
			<method name="Ra"  hits="0"  signature="()V" >
				<lines><line number="3"  hits="0" /></lines>
			</method>
			<method name="Sa"  hits="0"  signature="()V" >
				<lines><line number="3"  hits="0" /></lines>
			</method>
			<method name="Ta"  hits="0"  signature="()V" >
				<lines><line number="3"  hits="0" /></lines>
			</method>
			<method name="Ua"  hits="2"  signature="()V" >
				<lines><line number="3"  hits="2" /></lines>
			</method>
			<method name="(anonymous_211)"  hits="2"  signature="()V" >
				<lines><line number="3"  hits="2" /></lines>
			</method>
			<method name="(anonymous_212)"  hits="0"  signature="()V" >
				<lines><line number="3"  hits="0" /></lines>
			</method>
			<method name="(anonymous_213)"  hits="0"  signature="()V" >
				<lines><line number="3"  hits="0" /></lines>
			</method>
			<method name="(anonymous_214)"  hits="2"  signature="()V" >
				<lines><line number="3"  hits="2" /></lines>
			</method>
			<method name="Va"  hits="2"  signature="()V" >
				<lines><line number="3"  hits="2" /></lines>
			</method>
			<method name="(anonymous_216)"  hits="0"  signature="()V" >
				<lines><line number="3"  hits="0" /></lines>
			</method>
			<method name="(anonymous_217)"  hits="0"  signature="()V" >
				<lines><line number="3"  hits="0" /></lines>
			</method>
			<method name="(anonymous_218)"  hits="0"  signature="()V" >
				<lines><line number="3"  hits="0" /></lines>
			</method>
			<method name="(anonymous_219)"  hits="0"  signature="()V" >
				<lines><line number="3"  hits="0" /></lines>
			</method>
			<method name="Wa"  hits="24"  signature="()V" >
				<lines><line number="3"  hits="24" /></lines>
			</method>
			<method name="Xa"  hits="4"  signature="()V" >
				<lines><line number="3"  hits="4" /></lines>
			</method>
			<method name="(anonymous_222)"  hits="0"  signature="()V" >
				<lines><line number="3"  hits="0" /></lines>
			</method>
			<method name="Ya"  hits="0"  signature="()V" >
				<lines><line number="3"  hits="0" /></lines>
			</method>
			<method name="Za"  hits="182"  signature="()V" >
				<lines><line number="3"  hits="182" /></lines>
			</method>
			<method name="(anonymous_225)"  hits="6"  signature="()V" >
				<lines><line number="3"  hits="6" /></lines>
			</method>
			<method name="(anonymous_226)"  hits="6"  signature="()V" >
				<lines><line number="3"  hits="6" /></lines>
			</method>
			<method name="$a"  hits="2"  signature="()V" >
				<lines><line number="3"  hits="2" /></lines>
			</method>
			<method name="d"  hits="10"  signature="()V" >
				<lines><line number="3"  hits="10" /></lines>
			</method>
			<method name="(anonymous_229)"  hits="182"  signature="()V" >
				<lines><line number="3"  hits="182" /></lines>
			</method>
			<method name="e"  hits="260"  signature="()V" >
				<lines><line number="3"  hits="260" /></lines>
			</method>
			<method name="g"  hits="168"  signature="()V" >
				<lines><line number="3"  hits="168" /></lines>
			</method>
			<method name="(anonymous_232)"  hits="2"  signature="()V" >
				<lines><line number="3"  hits="2" /></lines>
			</method>
			<method name="i"  hits="168"  signature="()V" >
				<lines><line number="3"  hits="168" /></lines>
			</method>
			<method name="j"  hits="0"  signature="()V" >
				<lines><line number="3"  hits="0" /></lines>
			</method>
			<method name="(anonymous_235)"  hits="0"  signature="()V" >
				<lines><line number="3"  hits="0" /></lines>
			</method>
			<method name="k"  hits="0"  signature="()V" >
				<lines><line number="3"  hits="0" /></lines>
			</method>
			<method name="l"  hits="0"  signature="()V" >
				<lines><line number="3"  hits="0" /></lines>
			</method>
			<method name="m"  hits="8"  signature="()V" >
				<lines><line number="3"  hits="8" /></lines>
			</method>
			<method name="(anonymous_239)"  hits="8"  signature="()V" >
				<lines><line number="3"  hits="8" /></lines>
			</method>
			<method name="n"  hits="12"  signature="()V" >
				<lines><line number="3"  hits="12" /></lines>
			</method>
			<method name="(anonymous_241)"  hits="14"  signature="()V" >
				<lines><line number="3"  hits="14" /></lines>
			</method>
			<method name="d"  hits="20"  signature="()V" >
				<lines><line number="3"  hits="20" /></lines>
			</method>
			<method name="o"  hits="4"  signature="()V" >
				<lines><line number="3"  hits="4" /></lines>
			</method>
			<method name="d"  hits="240"  signature="()V" >
				<lines><line number="3"  hits="240" /></lines>
			</method>
			<method name="e"  hits="182"  signature="()V" >
				<lines><line number="3"  hits="182" /></lines>
			</method>
			<method name="f"  hits="92"  signature="()V" >
				<lines><line number="3"  hits="92" /></lines>
			</method>
			<method name="(anonymous_247)"  hits="2"  signature="()V" >
				<lines><line number="3"  hits="2" /></lines>
			</method>
			<method name="(anonymous_248)"  hits="0"  signature="()V" >
				<lines><line number="3"  hits="0" /></lines>
			</method>
			<method name="(anonymous_249)"  hits="60"  signature="()V" >
				<lines><line number="3"  hits="60" /></lines>
			</method>
			<method name="(anonymous_250)"  hits="0"  signature="()V" >
				<lines><line number="3"  hits="0" /></lines>
			</method>
			<method name="_a"  hits="2"  signature="()V" >
				<lines><line number="3"  hits="2" /></lines>
			</method>
			<method name="(anonymous_252)"  hits="0"  signature="()V" >
				<lines><line number="3"  hits="0" /></lines>
			</method>
			<method name="(anonymous_253)"  hits="0"  signature="()V" >
				<lines><line number="3"  hits="0" /></lines>
			</method>
			<method name="e"  hits="0"  signature="()V" >
				<lines><line number="3"  hits="0" /></lines>
			</method>
			<method name="(anonymous_255)"  hits="0"  signature="()V" >
				<lines><line number="3"  hits="0" /></lines>
			</method>
			<method name="f"  hits="0"  signature="()V" >
				<lines><line number="3"  hits="0" /></lines>
			</method>
			<method name="g"  hits="0"  signature="()V" >
				<lines><line number="3"  hits="0" /></lines>
			</method>
			<method name="h"  hits="0"  signature="()V" >
				<lines><line number="3"  hits="0" /></lines>
			</method>
			<method name="(anonymous_259)"  hits="0"  signature="()V" >
				<lines><line number="3"  hits="0" /></lines>
			</method>
			<method name="(anonymous_260)"  hits="0"  signature="()V" >
				<lines><line number="3"  hits="0" /></lines>
			</method>
			<method name="(anonymous_261)"  hits="0"  signature="()V" >
				<lines><line number="3"  hits="0" /></lines>
			</method>
			<method name="ab"  hits="0"  signature="()V" >
				<lines><line number="3"  hits="0" /></lines>
			</method>
			<method name="bb"  hits="0"  signature="()V" >
				<lines><line number="3"  hits="0" /></lines>
			</method>
			<method name="cb"  hits="0"  signature="()V" >
				<lines><line number="3"  hits="0" /></lines>
			</method>
			<method name="(anonymous_265)"  hits="0"  signature="()V" >
				<lines><line number="3"  hits="0" /></lines>
			</method>
			<method name="db"  hits="0"  signature="()V" >
				<lines><line number="3"  hits="0" /></lines>
			</method>
			<method name="eb"  hits="2"  signature="()V" >
				<lines><line number="3"  hits="2" /></lines>
			</method>
			<method name="(anonymous_268)"  hits="0"  signature="()V" >
				<lines><line number="3"  hits="0" /></lines>
			</method>
			<method name="(anonymous_269)"  hits="0"  signature="()V" >
				<lines><line number="3"  hits="0" /></lines>
			</method>
			<method name="(anonymous_270)"  hits="0"  signature="()V" >
				<lines><line number="3"  hits="0" /></lines>
			</method>
			<method name="fb"  hits="0"  signature="()V" >
				<lines><line number="3"  hits="0" /></lines>
			</method>
			<method name="e"  hits="0"  signature="()V" >
				<lines><line number="3"  hits="0" /></lines>
			</method>
			<method name="g"  hits="0"  signature="()V" >
				<lines><line number="3"  hits="0" /></lines>
			</method>
			<method name="h"  hits="0"  signature="()V" >
				<lines><line number="3"  hits="0" /></lines>
			</method>
			<method name="i"  hits="0"  signature="()V" >
				<lines><line number="3"  hits="0" /></lines>
			</method>
			<method name="j"  hits="0"  signature="()V" >
				<lines><line number="3"  hits="0" /></lines>
			</method>
			<method name="k"  hits="0"  signature="()V" >
				<lines><line number="3"  hits="0" /></lines>
			</method>
			<method name="(anonymous_278)"  hits="0"  signature="()V" >
				<lines><line number="3"  hits="0" /></lines>
			</method>
			<method name="(anonymous_279)"  hits="0"  signature="()V" >
				<lines><line number="3"  hits="0" /></lines>
			</method>
			<method name="(anonymous_280)"  hits="0"  signature="()V" >
				<lines><line number="3"  hits="0" /></lines>
			</method>
			<method name="(anonymous_281)"  hits="0"  signature="()V" >
				<lines><line number="3"  hits="0" /></lines>
			</method>
			<method name="(anonymous_282)"  hits="0"  signature="()V" >
				<lines><line number="3"  hits="0" /></lines>
			</method>
			<method name="(anonymous_283)"  hits="0"  signature="()V" >
				<lines><line number="3"  hits="0" /></lines>
			</method>
			<method name="(anonymous_284)"  hits="0"  signature="()V" >
				<lines><line number="3"  hits="0" /></lines>
			</method>
			<method name="(anonymous_285)"  hits="0"  signature="()V" >
				<lines><line number="3"  hits="0" /></lines>
			</method>
			<method name="(anonymous_286)"  hits="0"  signature="()V" >
				<lines><line number="3"  hits="0" /></lines>
			</method>
			<method name="(anonymous_287)"  hits="0"  signature="()V" >
				<lines><line number="3"  hits="0" /></lines>
			</method>
			<method name="(anonymous_288)"  hits="0"  signature="()V" >
				<lines><line number="3"  hits="0" /></lines>
			</method>
			<method name="gb"  hits="2"  signature="()V" >
				<lines><line number="3"  hits="2" /></lines>
			</method>
			<method name="(anonymous_290)"  hits="0"  signature="()V" >
				<lines><line number="3"  hits="0" /></lines>
			</method>
			<method name="hb"  hits="2"  signature="()V" >
				<lines><line number="3"  hits="2" /></lines>
			</method>
			<method name="(anonymous_292)"  hits="2"  signature="()V" >
				<lines><line number="3"  hits="2" /></lines>
			</method>
			<method name="a"  hits="4"  signature="()V" >
				<lines><line number="3"  hits="4" /></lines>
			</method>
			<method name="e"  hits="0"  signature="()V" >
				<lines><line number="3"  hits="0" /></lines>
			</method>
			<method name="f"  hits="0"  signature="()V" >
				<lines><line number="3"  hits="0" /></lines>
			</method>
			<method name="(anonymous_296)"  hits="4"  signature="()V" >
				<lines><line number="3"  hits="4" /></lines>
			</method>
			<method name="(anonymous_297)"  hits="4"  signature="()V" >
				<lines><line number="3"  hits="4" /></lines>
			</method>
			<method name="(anonymous_298)"  hits="0"  signature="()V" >
				<lines><line number="4"  hits="0" /></lines>
			</method>
			<method name="(anonymous_299)"  hits="0"  signature="()V" >
				<lines><line number="4"  hits="0" /></lines>
			</method>
			<method name="(anonymous_300)"  hits="0"  signature="()V" >
				<lines><line number="4"  hits="0" /></lines>
			</method>
			<method name="(anonymous_301)"  hits="0"  signature="()V" >
				<lines><line number="4"  hits="0" /></lines>
			</method>
			<method name="(anonymous_302)"  hits="0"  signature="()V" >
				<lines><line number="4"  hits="0" /></lines>
			</method>
			<method name="(anonymous_303)"  hits="0"  signature="()V" >
				<lines><line number="4"  hits="0" /></lines>
			</method>
			<method name="(anonymous_304)"  hits="0"  signature="()V" >
				<lines><line number="4"  hits="0" /></lines>
			</method>
			<method name="ib"  hits="2"  signature="()V" >
				<lines><line number="4"  hits="2" /></lines>
			</method>
			<method name="(anonymous_306)"  hits="2"  signature="()V" >
				<lines><line number="4"  hits="2" /></lines>
			</method>
			<method name="jb"  hits="2"  signature="()V" >
				<lines><line number="4"  hits="2" /></lines>
			</method>
			<method name="e"  hits="2"  signature="()V" >
				<lines><line number="4"  hits="2" /></lines>
			</method>
			<method name="(anonymous_309)"  hits="0"  signature="()V" >
				<lines><line number="4"  hits="0" /></lines>
			</method>
			<method name="g"  hits="2"  signature="()V" >
				<lines><line number="4"  hits="2" /></lines>
			</method>
			<method name="i"  hits="162"  signature="()V" >
				<lines><line number="4"  hits="162" /></lines>
			</method>
			<method name="z"  hits="170"  signature="()V" >
				<lines><line number="4"  hits="170" /></lines>
			</method>
			<method name="(anonymous_313)"  hits="2"  signature="()V" >
				<lines><line number="4"  hits="2" /></lines>
			</method>
			<method name="(anonymous_314)"  hits="2"  signature="()V" >
				<lines><line number="4"  hits="2" /></lines>
			</method>
			<method name="(anonymous_315)"  hits="0"  signature="()V" >
				<lines><line number="4"  hits="0" /></lines>
			</method>
			<method name="(anonymous_316)"  hits="0"  signature="()V" >
				<lines><line number="4"  hits="0" /></lines>
			</method>
			<method name="(anonymous_317)"  hits="0"  signature="()V" >
				<lines><line number="4"  hits="0" /></lines>
			</method>
			<method name="(anonymous_318)"  hits="2"  signature="()V" >
				<lines><line number="4"  hits="2" /></lines>
			</method>
			<method name="E"  hits="4"  signature="()V" >
				<lines><line number="4"  hits="4" /></lines>
			</method>
			<method name="F"  hits="2"  signature="()V" >
				<lines><line number="4"  hits="2" /></lines>
			</method>
			<method name="(anonymous_321)"  hits="2"  signature="()V" >
				<lines><line number="4"  hits="2" /></lines>
			</method>
			<method name="(anonymous_322)"  hits="2"  signature="()V" >
				<lines><line number="4"  hits="2" /></lines>
			</method>
			<method name="G"  hits="2"  signature="()V" >
				<lines><line number="4"  hits="2" /></lines>
			</method>
			<method name="H"  hits="4"  signature="()V" >
				<lines><line number="4"  hits="4" /></lines>
			</method>
			<method name="h"  hits="2"  signature="()V" >
				<lines><line number="4"  hits="2" /></lines>
			</method>
			<method name="I"  hits="0"  signature="()V" >
				<lines><line number="4"  hits="0" /></lines>
			</method>
			<method name="(anonymous_327)"  hits="0"  signature="()V" >
				<lines><line number="4"  hits="0" /></lines>
			</method>
			<method name="J"  hits="6"  signature="()V" >
				<lines><line number="4"  hits="6" /></lines>
			</method>
			<method name="(anonymous_329)"  hits="0"  signature="()V" >
				<lines><line number="4"  hits="0" /></lines>
			</method>
			<method name="K"  hits="0"  signature="()V" >
				<lines><line number="4"  hits="0" /></lines>
			</method>
			<method name="L"  hits="0"  signature="()V" >
				<lines><line number="4"  hits="0" /></lines>
			</method>
			<method name="(anonymous_332)"  hits="0"  signature="()V" >
				<lines><line number="4"  hits="0" /></lines>
			</method>
			<method name="O"  hits="4"  signature="()V" >
				<lines><line number="4"  hits="4" /></lines>
			</method>
			<method name="n"  hits="0"  signature="()V" >
				<lines><line number="4"  hits="0" /></lines>
			</method>
			<method name="o"  hits="0"  signature="()V" >
				<lines><line number="4"  hits="0" /></lines>
			</method>
			<method name="p"  hits="2"  signature="()V" >
				<lines><line number="4"  hits="2" /></lines>
			</method>
			<method name="q"  hits="2"  signature="()V" >
				<lines><line number="4"  hits="2" /></lines>
			</method>
			<method name="j"  hits="0"  signature="()V" >
				<lines><line number="4"  hits="0" /></lines>
			</method>
			<method name="P"  hits="0"  signature="()V" >
				<lines><line number="4"  hits="0" /></lines>
			</method>
			<method name="R"  hits="4"  signature="()V" >
				<lines><line number="4"  hits="4" /></lines>
			</method>
			<method name="T"  hits="0"  signature="()V" >
				<lines><line number="4"  hits="0" /></lines>
			</method>
			<method name="U"  hits="0"  signature="()V" >
				<lines><line number="4"  hits="0" /></lines>
			</method>
			<method name="(anonymous_343)"  hits="0"  signature="()V" >
				<lines><line number="4"  hits="0" /></lines>
			</method>
			<method name="(anonymous_344)"  hits="0"  signature="()V" >
				<lines><line number="4"  hits="0" /></lines>
			</method>
			<method name="V"  hits="2"  signature="()V" >
				<lines><line number="4"  hits="2" /></lines>
			</method>
			<method name="(anonymous_346)"  hits="2"  signature="()V" >
				<lines><line number="4"  hits="2" /></lines>
			</method>
			<method name="(anonymous_347)"  hits="2"  signature="()V" >
				<lines><line number="4"  hits="2" /></lines>
			</method>
			<method name="W"  hits="0"  signature="()V" >
				<lines><line number="4"  hits="0" /></lines>
			</method>
			<method name="X"  hits="6"  signature="()V" >
				<lines><line number="4"  hits="6" /></lines>
			</method>
			<method name="e"  hits="0"  signature="()V" >
				<lines><line number="4"  hits="0" /></lines>
			</method>
			<method name="Y"  hits="2"  signature="()V" >
				<lines><line number="4"  hits="2" /></lines>
			</method>
			<method name="(anonymous_352)"  hits="0"  signature="()V" >
				<lines><line number="4"  hits="0" /></lines>
			</method>
			<method name="(anonymous_353)"  hits="0"  signature="()V" >
				<lines><line number="4"  hits="0" /></lines>
			</method>
			<method name="(anonymous_354)"  hits="0"  signature="()V" >
				<lines><line number="4"  hits="0" /></lines>
			</method>
			<method name="Z"  hits="0"  signature="()V" >
				<lines><line number="4"  hits="0" /></lines>
			</method>
			<method name="_"  hits="0"  signature="()V" >
				<lines><line number="4"  hits="0" /></lines>
			</method>
			<method name="aa"  hits="0"  signature="()V" >
				<lines><line number="4"  hits="0" /></lines>
			</method>
			<method name="(anonymous_358)"  hits="0"  signature="()V" >
				<lines><line number="4"  hits="0" /></lines>
			</method>
			<method name="(anonymous_359)"  hits="0"  signature="()V" >
				<lines><line number="4"  hits="0" /></lines>
			</method>
			<method name="(anonymous_360)"  hits="0"  signature="()V" >
				<lines><line number="4"  hits="0" /></lines>
			</method>
			<method name="ba"  hits="0"  signature="()V" >
				<lines><line number="4"  hits="0" /></lines>
			</method>
			<method name="ca"  hits="0"  signature="()V" >
				<lines><line number="4"  hits="0" /></lines>
			</method>
			<method name="(anonymous_363)"  hits="0"  signature="()V" >
				<lines><line number="4"  hits="0" /></lines>
			</method>
			<method name="da"  hits="0"  signature="()V" >
				<lines><line number="4"  hits="0" /></lines>
			</method>
			<method name="ea"  hits="2"  signature="()V" >
				<lines><line number="4"  hits="2" /></lines>
			</method>
			<method name="(anonymous_366)"  hits="0"  signature="()V" >
				<lines><line number="4"  hits="0" /></lines>
			</method>
			<method name="(anonymous_367)"  hits="0"  signature="()V" >
				<lines><line number="4"  hits="0" /></lines>
			</method>
			<method name="(anonymous_368)"  hits="0"  signature="()V" >
				<lines><line number="4"  hits="0" /></lines>
			</method>
			<method name="(anonymous_369)"  hits="0"  signature="()V" >
				<lines><line number="4"  hits="0" /></lines>
			</method>
			<method name="(anonymous_370)"  hits="0"  signature="()V" >
				<lines><line number="4"  hits="0" /></lines>
			</method>
			<method name="(anonymous_371)"  hits="0"  signature="()V" >
				<lines><line number="4"  hits="0" /></lines>
			</method>
			<method name="(anonymous_372)"  hits="0"  signature="()V" >
				<lines><line number="4"  hits="0" /></lines>
			</method>
			<method name="(anonymous_373)"  hits="6"  signature="()V" >
				<lines><line number="4"  hits="6" /></lines>
			</method>
			<method name="(anonymous_374)"  hits="0"  signature="()V" >
				<lines><line number="4"  hits="0" /></lines>
			</method>
			<method name="(anonymous_375)"  hits="0"  signature="()V" >
				<lines><line number="4"  hits="0" /></lines>
			</method>
			<method name="(anonymous_376)"  hits="0"  signature="()V" >
				<lines><line number="4"  hits="0" /></lines>
			</method>
			<method name="(anonymous_377)"  hits="0"  signature="()V" >
				<lines><line number="4"  hits="0" /></lines>
			</method>
			<method name="(anonymous_378)"  hits="0"  signature="()V" >
				<lines><line number="4"  hits="0" /></lines>
			</method>
			<method name="(anonymous_379)"  hits="0"  signature="()V" >
				<lines><line number="4"  hits="0" /></lines>
			</method>
			<method name="(anonymous_380)"  hits="0"  signature="()V" >
				<lines><line number="4"  hits="0" /></lines>
			</method>
			<method name="(anonymous_381)"  hits="0"  signature="()V" >
				<lines><line number="4"  hits="0" /></lines>
			</method>
			<method name="(anonymous_382)"  hits="0"  signature="()V" >
				<lines><line number="4"  hits="0" /></lines>
			</method>
			<method name="(anonymous_383)"  hits="0"  signature="()V" >
				<lines><line number="4"  hits="0" /></lines>
			</method>
			<method name="(anonymous_384)"  hits="0"  signature="()V" >
				<lines><line number="4"  hits="0" /></lines>
			</method>
			<method name="(anonymous_385)"  hits="4"  signature="()V" >
				<lines><line number="4"  hits="4" /></lines>
			</method>
			<method name="(anonymous_386)"  hits="4"  signature="()V" >
				<lines><line number="4"  hits="4" /></lines>
			</method>
			<method name="kb"  hits="31"  signature="()V" >
				<lines><line number="4"  hits="31" /></lines>
			</method>
			<method name="lb"  hits="0"  signature="()V" >
				<lines><line number="4"  hits="0" /></lines>
			</method>
			<method name="mb"  hits="0"  signature="()V" >
				<lines><line number="4"  hits="0" /></lines>
			</method>
			<method name="nb"  hits="0"  signature="()V" >
				<lines><line number="4"  hits="0" /></lines>
			</method>
			<method name="ob"  hits="2"  signature="()V" >
				<lines><line number="4"  hits="2" /></lines>
			</method>
			<method name="(anonymous_392)"  hits="0"  signature="()V" >
				<lines><line number="4"  hits="0" /></lines>
			</method>
			<method name="(anonymous_393)"  hits="0"  signature="()V" >
				<lines><line number="4"  hits="0" /></lines>
			</method>
			<method name="(anonymous_394)"  hits="2"  signature="()V" >
				<lines><line number="4"  hits="2" /></lines>
			</method>
			<method name="g"  hits="0"  signature="()V" >
				<lines><line number="4"  hits="0" /></lines>
			</method>
			<method name="(anonymous_396)"  hits="2"  signature="()V" >
				<lines><line number="4"  hits="2" /></lines>
			</method>
			<method name="(anonymous_397)"  hits="2"  signature="()V" >
				<lines><line number="4"  hits="2" /></lines>
			</method>
			<method name="pb"  hits="2"  signature="()V" >
				<lines><line number="4"  hits="2" /></lines>
			</method>
			<method name="(anonymous_399)"  hits="2"  signature="()V" >
				<lines><line number="4"  hits="2" /></lines>
			</method>
			<method name="qb"  hits="2"  signature="()V" >
				<lines><line number="4"  hits="2" /></lines>
			</method>
			<method name="(anonymous_401)"  hits="0"  signature="()V" >
				<lines><line number="4"  hits="0" /></lines>
			</method>
			<method name="(anonymous_402)"  hits="0"  signature="()V" >
				<lines><line number="4"  hits="0" /></lines>
			</method>
			<method name="rb"  hits="0"  signature="()V" >
				<lines><line number="4"  hits="0" /></lines>
			</method>
			<method name="sb"  hits="2"  signature="()V" >
				<lines><line number="4"  hits="2" /></lines>
			</method>
			<method name="(anonymous_405)"  hits="2"  signature="()V" >
				<lines><line number="4"  hits="2" /></lines>
			</method>
			<method name="(anonymous_406)"  hits="2"  signature="()V" >
				<lines><line number="4"  hits="2" /></lines>
			</method>
			<method name="(anonymous_407)"  hits="0"  signature="()V" >
				<lines><line number="4"  hits="0" /></lines>
			</method>
			<method name="(anonymous_408)"  hits="0"  signature="()V" >
				<lines><line number="4"  hits="0" /></lines>
			</method>
			<method name="tb"  hits="2"  signature="()V" >
				<lines><line number="4"  hits="2" /></lines>
			</method>
			<method name="(anonymous_410)"  hits="0"  signature="()V" >
				<lines><line number="4"  hits="0" /></lines>
			</method>
			<method name="(anonymous_411)"  hits="0"  signature="()V" >
				<lines><line number="4"  hits="0" /></lines>
			</method>
			<method name="b"  hits="0"  signature="()V" >
				<lines><line number="4"  hits="0" /></lines>
			</method>
			<method name="(anonymous_413)"  hits="0"  signature="()V" >
				<lines><line number="4"  hits="0" /></lines>
			</method>
			<method name="(anonymous_414)"  hits="0"  signature="()V" >
				<lines><line number="4"  hits="0" /></lines>
			</method>
			<method name="ub"  hits="0"  signature="()V" >
				<lines><line number="4"  hits="0" /></lines>
			</method>
			<method name="vb"  hits="0"  signature="()V" >
				<lines><line number="4"  hits="0" /></lines>
			</method>
			<method name="wb"  hits="0"  signature="()V" >
				<lines><line number="4"  hits="0" /></lines>
			</method>
			<method name="b"  hits="0"  signature="()V" >
				<lines><line number="4"  hits="0" /></lines>
			</method>
			<method name="(anonymous_419)"  hits="0"  signature="()V" >
				<lines><line number="4"  hits="0" /></lines>
			</method>
			<method name="(anonymous_420)"  hits="0"  signature="()V" >
				<lines><line number="4"  hits="0" /></lines>
			</method>
			<method name="xb"  hits="4"  signature="()V" >
				<lines><line number="4"  hits="4" /></lines>
			</method>
			<method name="(anonymous_422)"  hits="0"  signature="()V" >
				<lines><line number="4"  hits="0" /></lines>
			</method>
			<method name="yb"  hits="4"  signature="()V" >
				<lines><line number="4"  hits="4" /></lines>
			</method>
			<method name="(anonymous_424)"  hits="2"  signature="()V" >
				<lines><line number="4"  hits="2" /></lines>
			</method>
			<method name="zb"  hits="4"  signature="()V" >
				<lines><line number="4"  hits="4" /></lines>
			</method>
			<method name="Ab"  hits="2"  signature="()V" >
				<lines><line number="4"  hits="2" /></lines>
			</method>
			<method name="(anonymous_427)"  hits="2"  signature="()V" >
				<lines><line number="4"  hits="2" /></lines>
			</method>
			<method name="(anonymous_428)"  hits="0"  signature="()V" >
				<lines><line number="4"  hits="0" /></lines>
			</method>
			<method name="(anonymous_429)"  hits="2"  signature="()V" >
				<lines><line number="4"  hits="2" /></lines>
			</method>
			<method name="n"  hits="2"  signature="()V" >
				<lines><line number="4"  hits="2" /></lines>
			</method>
			<method name="e"  hits="2"  signature="()V" >
				<lines><line number="4"  hits="2" /></lines>
			</method>
			<method name="g"  hits="2"  signature="()V" >
				<lines><line number="4"  hits="2" /></lines>
			</method>
			<method name="(anonymous_433)"  hits="2"  signature="()V" >
				<lines><line number="4"  hits="2" /></lines>
			</method>
			<method name="h"  hits="2"  signature="()V" >
				<lines><line number="4"  hits="2" /></lines>
			</method>
			<method name="(anonymous_435)"  hits="2"  signature="()V" >
				<lines><line number="4"  hits="2" /></lines>
			</method>
			<method name="(anonymous_436)"  hits="2"  signature="()V" >
				<lines><line number="4"  hits="2" /></lines>
			</method>
			<method name="(anonymous_437)"  hits="0"  signature="()V" >
				<lines><line number="4"  hits="0" /></lines>
			</method>
			<method name="(anonymous_438)"  hits="0"  signature="()V" >
				<lines><line number="4"  hits="0" /></lines>
			</method>
			<method name="(anonymous_439)"  hits="0"  signature="()V" >
				<lines><line number="4"  hits="0" /></lines>
			</method>
			<method name="(anonymous_440)"  hits="0"  signature="()V" >
				<lines><line number="4"  hits="0" /></lines>
			</method>
			<method name="o"  hits="2"  signature="()V" >
				<lines><line number="4"  hits="2" /></lines>
			</method>
			<method name="(anonymous_442)"  hits="8"  signature="()V" >
				<lines><line number="4"  hits="8" /></lines>
			</method>
			<method name="(anonymous_443)"  hits="2"  signature="()V" >
				<lines><line number="4"  hits="2" /></lines>
			</method>
			<method name="p"  hits="2"  signature="()V" >
				<lines><line number="4"  hits="2" /></lines>
			</method>
			<method name="(anonymous_445)"  hits="6"  signature="()V" >
				<lines><line number="4"  hits="6" /></lines>
			</method>
			<method name="(anonymous_446)"  hits="0"  signature="()V" >
				<lines><line number="4"  hits="0" /></lines>
			</method>
			<method name="q"  hits="2"  signature="()V" >
				<lines><line number="4"  hits="2" /></lines>
			</method>
			<method name="f"  hits="0"  signature="()V" >
				<lines><line number="4"  hits="0" /></lines>
			</method>
			<method name="f"  hits="0"  signature="()V" >
				<lines><line number="4"  hits="0" /></lines>
			</method>
			<method name="i"  hits="2"  signature="()V" >
				<lines><line number="4"  hits="2" /></lines>
			</method>
			<method name="l"  hits="0"  signature="()V" >
				<lines><line number="4"  hits="0" /></lines>
			</method>
			<method name="m"  hits="2"  signature="()V" >
				<lines><line number="4"  hits="2" /></lines>
			</method>
			<method name="r"  hits="2"  signature="()V" >
				<lines><line number="4"  hits="2" /></lines>
			</method>
			<method name="(anonymous_454)"  hits="0"  signature="()V" >
				<lines><line number="4"  hits="0" /></lines>
			</method>
			<method name="Bb"  hits="0"  signature="()V" >
				<lines><line number="4"  hits="0" /></lines>
			</method>
			<method name="Cb"  hits="2"  signature="()V" >
				<lines><line number="4"  hits="2" /></lines>
			</method>
			<method name="(anonymous_457)"  hits="0"  signature="()V" >
				<lines><line number="4"  hits="0" /></lines>
			</method>
			<method name="Db"  hits="0"  signature="()V" >
				<lines><line number="4"  hits="0" /></lines>
			</method>
			<method name="h"  hits="0"  signature="()V" >
				<lines><line number="4"  hits="0" /></lines>
			</method>
			<method name="(anonymous_460)"  hits="0"  signature="()V" >
				<lines><line number="4"  hits="0" /></lines>
			</method>
			<method name="(anonymous_461)"  hits="0"  signature="()V" >
				<lines><line number="4"  hits="0" /></lines>
			</method>
			<method name="q"  hits="0"  signature="()V" >
				<lines><line number="4"  hits="0" /></lines>
			</method>
			<method name="r"  hits="0"  signature="()V" >
				<lines><line number="4"  hits="0" /></lines>
			</method>
			<method name="(anonymous_464)"  hits="0"  signature="()V" >
				<lines><line number="4"  hits="0" /></lines>
			</method>
			<method name="(anonymous_465)"  hits="0"  signature="()V" >
				<lines><line number="4"  hits="0" /></lines>
			</method>
			<method name="(anonymous_466)"  hits="0"  signature="()V" >
				<lines><line number="4"  hits="0" /></lines>
			</method>
			<method name="(anonymous_467)"  hits="0"  signature="()V" >
				<lines><line number="4"  hits="0" /></lines>
			</method>
			<method name="(anonymous_468)"  hits="0"  signature="()V" >
				<lines><line number="4"  hits="0" /></lines>
			</method>
			<method name="Eb"  hits="2"  signature="()V" >
				<lines><line number="4"  hits="2" /></lines>
			</method>
			<method name="(anonymous_470)"  hits="0"  signature="()V" >
				<lines><line number="4"  hits="0" /></lines>
			</method>
			<method name="(anonymous_471)"  hits="0"  signature="()V" >
				<lines><line number="4"  hits="0" /></lines>
			</method>
			<method name="(anonymous_472)"  hits="2"  signature="()V" >
				<lines><line number="4"  hits="2" /></lines>
			</method>
			<method name="f"  hits="8"  signature="()V" >
				<lines><line number="4"  hits="8" /></lines>
			</method>
			<method name="g"  hits="2"  signature="()V" >
				<lines><line number="4"  hits="2" /></lines>
			</method>
			<method name="h"  hits="0"  signature="()V" >
				<lines><line number="4"  hits="0" /></lines>
			</method>
			<method name="i"  hits="2"  signature="()V" >
				<lines><line number="4"  hits="2" /></lines>
			</method>
			<method name="o"  hits="0"  signature="()V" >
				<lines><line number="4"  hits="0" /></lines>
			</method>
			<method name="(anonymous_478)"  hits="0"  signature="()V" >
				<lines><line number="4"  hits="0" /></lines>
			</method>
			<method name="(anonymous_479)"  hits="0"  signature="()V" >
				<lines><line number="4"  hits="0" /></lines>
			</method>
			<method name="(anonymous_480)"  hits="0"  signature="()V" >
				<lines><line number="4"  hits="0" /></lines>
			</method>
			<method name="(anonymous_481)"  hits="0"  signature="()V" >
				<lines><line number="4"  hits="0" /></lines>
			</method>
			<method name="(anonymous_482)"  hits="0"  signature="()V" >
				<lines><line number="4"  hits="0" /></lines>
			</method>
			<method name="(anonymous_483)"  hits="2"  signature="()V" >
				<lines><line number="4"  hits="2" /></lines>
			</method>
			<method name="(anonymous_484)"  hits="2"  signature="()V" >
				<lines><line number="4"  hits="2" /></lines>
			</method>
			<method name="Fb"  hits="2"  signature="()V" >
				<lines><line number="4"  hits="2" /></lines>
			</method>
			<method name="(anonymous_486)"  hits="0"  signature="()V" >
				<lines><line number="4"  hits="0" /></lines>
			</method>
			<method name="e"  hits="0"  signature="()V" >
				<lines><line number="4"  hits="0" /></lines>
			</method>
			<method name="(anonymous_488)"  hits="0"  signature="()V" >
				<lines><line number="4"  hits="0" /></lines>
			</method>
			<method name="(anonymous_489)"  hits="0"  signature="()V" >
				<lines><line number="4"  hits="0" /></lines>
			</method>
			<method name="(anonymous_490)"  hits="0"  signature="()V" >
				<lines><line number="4"  hits="0" /></lines>
			</method>
			<method name="Gb"  hits="2"  signature="()V" >
				<lines><line number="4"  hits="2" /></lines>
			</method>
			<method name="(anonymous_492)"  hits="0"  signature="()V" >
				<lines><line number="4"  hits="0" /></lines>
			</method>
			<method name="(anonymous_493)"  hits="0"  signature="()V" >
				<lines><line number="4"  hits="0" /></lines>
			</method>
			<method name="Hb"  hits="0"  signature="()V" >
				<lines><line number="4"  hits="0" /></lines>
			</method>
			<method name="Ib"  hits="0"  signature="()V" >
				<lines><line number="4"  hits="0" /></lines>
			</method>
			<method name="Jb"  hits="0"  signature="()V" >
				<lines><line number="4"  hits="0" /></lines>
			</method>
			<method name="Kb"  hits="0"  signature="()V" >
				<lines><line number="4"  hits="0" /></lines>
			</method>
			<method name="Lb"  hits="0"  signature="()V" >
				<lines><line number="4"  hits="0" /></lines>
			</method>
			<method name="Mb"  hits="0"  signature="()V" >
				<lines><line number="4"  hits="0" /></lines>
			</method>
			<method name="Nb"  hits="0"  signature="()V" >
				<lines><line number="4"  hits="0" /></lines>
			</method>
			<method name="Ob"  hits="0"  signature="()V" >
				<lines><line number="4"  hits="0" /></lines>
			</method>
			<method name="Pb"  hits="0"  signature="()V" >
				<lines><line number="4"  hits="0" /></lines>
			</method>
			<method name="(anonymous_503)"  hits="0"  signature="()V" >
				<lines><line number="4"  hits="0" /></lines>
			</method>
			<method name="(anonymous_504)"  hits="0"  signature="()V" >
				<lines><line number="4"  hits="0" /></lines>
			</method>
			<method name="(anonymous_505)"  hits="0"  signature="()V" >
				<lines><line number="4"  hits="0" /></lines>
			</method>
			<method name="Qb"  hits="0"  signature="()V" >
				<lines><line number="4"  hits="0" /></lines>
			</method>
			<method name="(anonymous_507)"  hits="0"  signature="()V" >
				<lines><line number="4"  hits="0" /></lines>
			</method>
			<method name="e"  hits="0"  signature="()V" >
				<lines><line number="4"  hits="0" /></lines>
			</method>
			<method name="(anonymous_509)"  hits="0"  signature="()V" >
				<lines><line number="4"  hits="0" /></lines>
			</method>
			<method name="(anonymous_510)"  hits="0"  signature="()V" >
				<lines><line number="4"  hits="0" /></lines>
			</method>
			<method name="Rb"  hits="0"  signature="()V" >
				<lines><line number="4"  hits="0" /></lines>
			</method>
			<method name="(anonymous_512)"  hits="0"  signature="()V" >
				<lines><line number="4"  hits="0" /></lines>
			</method>
			<method name="(anonymous_513)"  hits="0"  signature="()V" >
				<lines><line number="4"  hits="0" /></lines>
			</method>
			<method name="Sb"  hits="4"  signature="()V" >
				<lines><line number="4"  hits="4" /></lines>
			</method>
			<method name="(anonymous_515)"  hits="0"  signature="()V" >
				<lines><line number="4"  hits="0" /></lines>
			</method>
			<method name="Tb"  hits="2"  signature="()V" >
				<lines><line number="4"  hits="2" /></lines>
			</method>
			<method name="(anonymous_517)"  hits="0"  signature="()V" >
				<lines><line number="4"  hits="0" /></lines>
			</method>
			<method name="Ub"  hits="2"  signature="()V" >
				<lines><line number="4"  hits="2" /></lines>
			</method>
			<method name="(anonymous_519)"  hits="0"  signature="()V" >
				<lines><line number="4"  hits="0" /></lines>
			</method>
			<method name="(anonymous_520)"  hits="0"  signature="()V" >
				<lines><line number="4"  hits="0" /></lines>
			</method>
			<method name="(anonymous_521)"  hits="0"  signature="()V" >
				<lines><line number="4"  hits="0" /></lines>
			</method>
			<method name="h"  hits="0"  signature="()V" >
				<lines><line number="4"  hits="0" /></lines>
			</method>
			<method name="i"  hits="0"  signature="()V" >
				<lines><line number="4"  hits="0" /></lines>
			</method>
			<method name="(anonymous_524)"  hits="0"  signature="()V" >
				<lines><line number="4"  hits="0" /></lines>
			</method>
			<method name="(anonymous_525)"  hits="0"  signature="()V" >
				<lines><line number="4"  hits="0" /></lines>
			</method>
			<method name="(anonymous_526)"  hits="0"  signature="()V" >
				<lines><line number="4"  hits="0" /></lines>
			</method>
			<method name="(anonymous_527)"  hits="0"  signature="()V" >
				<lines><line number="4"  hits="0" /></lines>
			</method>
			<method name="(anonymous_528)"  hits="0"  signature="()V" >
				<lines><line number="4"  hits="0" /></lines>
			</method>
			<method name="Vb"  hits="2"  signature="()V" >
				<lines><line number="5"  hits="2" /></lines>
			</method>
			<method name="(anonymous_530)"  hits="0"  signature="()V" >
				<lines><line number="5"  hits="0" /></lines>
			</method>
			<method name="(anonymous_531)"  hits="0"  signature="()V" >
				<lines><line number="5"  hits="0" /></lines>
			</method>
			<method name="d"  hits="0"  signature="()V" >
				<lines><line number="5"  hits="0" /></lines>
			</method>
			<method name="e"  hits="0"  signature="()V" >
				<lines><line number="5"  hits="0" /></lines>
			</method>
			<method name="(anonymous_534)"  hits="0"  signature="()V" >
				<lines><line number="5"  hits="0" /></lines>
			</method>
			<method name="(anonymous_535)"  hits="0"  signature="()V" >
				<lines><line number="5"  hits="0" /></lines>
			</method>
			<method name="(anonymous_536)"  hits="0"  signature="()V" >
				<lines><line number="5"  hits="0" /></lines>
			</method>
			<method name="(anonymous_537)"  hits="0"  signature="()V" >
				<lines><line number="5"  hits="0" /></lines>
			</method>
			<method name="(anonymous_538)"  hits="0"  signature="()V" >
				<lines><line number="5"  hits="0" /></lines>
			</method>
			<method name="Wb"  hits="0"  signature="()V" >
				<lines><line number="5"  hits="0" /></lines>
			</method>
			<method name="Xb"  hits="0"  signature="()V" >
				<lines><line number="5"  hits="0" /></lines>
			</method>
			<method name="Yb"  hits="0"  signature="()V" >
				<lines><line number="5"  hits="0" /></lines>
			</method>
			<method name="Zb"  hits="0"  signature="()V" >
				<lines><line number="5"  hits="0" /></lines>
			</method>
			<method name="$b"  hits="0"  signature="()V" >
				<lines><line number="5"  hits="0" /></lines>
			</method>
			<method name="_b"  hits="0"  signature="()V" >
				<lines><line number="5"  hits="0" /></lines>
			</method>
			<method name="ac"  hits="0"  signature="()V" >
				<lines><line number="5"  hits="0" /></lines>
			</method>
			<method name="(anonymous_546)"  hits="0"  signature="()V" >
				<lines><line number="5"  hits="0" /></lines>
			</method>
			<method name="(anonymous_547)"  hits="0"  signature="()V" >
				<lines><line number="5"  hits="0" /></lines>
			</method>
			<method name="(anonymous_548)"  hits="0"  signature="()V" >
				<lines><line number="5"  hits="0" /></lines>
			</method>
			<method name="(anonymous_549)"  hits="0"  signature="()V" >
				<lines><line number="5"  hits="0" /></lines>
			</method>
			<method name="bc"  hits="0"  signature="()V" >
				<lines><line number="5"  hits="0" /></lines>
			</method>
			<method name="cc"  hits="0"  signature="()V" >
				<lines><line number="5"  hits="0" /></lines>
			</method>
			<method name="dc"  hits="0"  signature="()V" >
				<lines><line number="5"  hits="0" /></lines>
			</method>
			<method name="ec"  hits="0"  signature="()V" >
				<lines><line number="5"  hits="0" /></lines>
			</method>
			<method name="fc"  hits="0"  signature="()V" >
				<lines><line number="5"  hits="0" /></lines>
			</method>
			<method name="gc"  hits="0"  signature="()V" >
				<lines><line number="5"  hits="0" /></lines>
			</method>
			<method name="hc"  hits="0"  signature="()V" >
				<lines><line number="5"  hits="0" /></lines>
			</method>
			<method name="ic"  hits="0"  signature="()V" >
				<lines><line number="5"  hits="0" /></lines>
			</method>
			<method name="jc"  hits="0"  signature="()V" >
				<lines><line number="5"  hits="0" /></lines>
			</method>
			<method name="kc"  hits="0"  signature="()V" >
				<lines><line number="5"  hits="0" /></lines>
			</method>
			<method name="lc"  hits="2"  signature="()V" >
				<lines><line number="5"  hits="2" /></lines>
			</method>
			<method name="(anonymous_561)"  hits="2"  signature="()V" >
				<lines><line number="5"  hits="2" /></lines>
			</method>
			<method name="g"  hits="0"  signature="()V" >
				<lines><line number="5"  hits="0" /></lines>
			</method>
			<method name="h"  hits="0"  signature="()V" >
				<lines><line number="5"  hits="0" /></lines>
			</method>
			<method name="(anonymous_564)"  hits="0"  signature="()V" >
				<lines><line number="5"  hits="0" /></lines>
			</method>
			<method name="(anonymous_565)"  hits="0"  signature="()V" >
				<lines><line number="5"  hits="0" /></lines>
			</method>
			<method name="i"  hits="0"  signature="()V" >
				<lines><line number="5"  hits="0" /></lines>
			</method>
			<method name="(anonymous_567)"  hits="0"  signature="()V" >
				<lines><line number="5"  hits="0" /></lines>
			</method>
			<method name="(anonymous_568)"  hits="0"  signature="()V" >
				<lines><line number="5"  hits="0" /></lines>
			</method>
			<method name="(anonymous_569)"  hits="0"  signature="()V" >
				<lines><line number="5"  hits="0" /></lines>
			</method>
			<method name="j"  hits="0"  signature="()V" >
				<lines><line number="5"  hits="0" /></lines>
			</method>
			<method name="e"  hits="0"  signature="()V" >
				<lines><line number="5"  hits="0" /></lines>
			</method>
			<method name="(anonymous_572)"  hits="0"  signature="()V" >
				<lines><line number="5"  hits="0" /></lines>
			</method>
			<method name="(anonymous_573)"  hits="0"  signature="()V" >
				<lines><line number="5"  hits="0" /></lines>
			</method>
			<method name="(anonymous_574)"  hits="0"  signature="()V" >
				<lines><line number="5"  hits="0" /></lines>
			</method>
			<method name="(anonymous_575)"  hits="0"  signature="()V" >
				<lines><line number="5"  hits="0" /></lines>
			</method>
			<method name="k"  hits="0"  signature="()V" >
				<lines><line number="5"  hits="0" /></lines>
			</method>
			<method name="(anonymous_577)"  hits="0"  signature="()V" >
				<lines><line number="5"  hits="0" /></lines>
			</method>
			<method name="(anonymous_578)"  hits="0"  signature="()V" >
				<lines><line number="5"  hits="0" /></lines>
			</method>
			<method name="l"  hits="16"  signature="()V" >
				<lines><line number="5"  hits="16" /></lines>
			</method>
			<method name="(anonymous_580)"  hits="0"  signature="()V" >
				<lines><line number="5"  hits="0" /></lines>
			</method>
			<method name="(anonymous_581)"  hits="0"  signature="()V" >
				<lines><line number="5"  hits="0" /></lines>
			</method>
			<method name="(anonymous_582)"  hits="16"  signature="()V" >
				<lines><line number="5"  hits="16" /></lines>
			</method>
			<method name="mc"  hits="2"  signature="()V" >
				<lines><line number="5"  hits="2" /></lines>
			</method>
			<method name="(anonymous_584)"  hits="2"  signature="()V" >
				<lines><line number="5"  hits="2" /></lines>
			</method>
			<method name="(anonymous_585)"  hits="16"  signature="()V" >
				<lines><line number="5"  hits="16" /></lines>
			</method>
			<method name="nc"  hits="2"  signature="()V" >
				<lines><line number="5"  hits="2" /></lines>
			</method>
			<method name="(anonymous_587)"  hits="2"  signature="()V" >
				<lines><line number="5"  hits="2" /></lines>
			</method>
			<method name="(anonymous_588)"  hits="0"  signature="()V" >
				<lines><line number="5"  hits="0" /></lines>
			</method>
			<method name="oc"  hits="4"  signature="()V" >
				<lines><line number="5"  hits="4" /></lines>
			</method>
			<method name="e"  hits="28"  signature="()V" >
				<lines><line number="5"  hits="28" /></lines>
			</method>
			<method name="d"  hits="56"  signature="()V" >
				<lines><line number="5"  hits="56" /></lines>
			</method>
			<method name="(anonymous_592)"  hits="4"  signature="()V" >
				<lines><line number="5"  hits="4" /></lines>
			</method>
			<method name="g"  hits="24"  signature="()V" >
				<lines><line number="5"  hits="24" /></lines>
			</method>
			<method name="h"  hits="72"  signature="()V" >
				<lines><line number="5"  hits="72" /></lines>
			</method>
			<method name="(anonymous_595)"  hits="24"  signature="()V" >
				<lines><line number="5"  hits="24" /></lines>
			</method>
			<method name="i"  hits="16"  signature="()V" >
				<lines><line number="5"  hits="16" /></lines>
			</method>
			<method name="j"  hits="30"  signature="()V" >
				<lines><line number="5"  hits="30" /></lines>
			</method>
			<method name="(anonymous_598)"  hits="16"  signature="()V" >
				<lines><line number="5"  hits="16" /></lines>
			</method>
			<method name="k"  hits="24"  signature="()V" >
				<lines><line number="5"  hits="24" /></lines>
			</method>
			<method name="l"  hits="0"  signature="()V" >
				<lines><line number="5"  hits="0" /></lines>
			</method>
			<method name="(anonymous_601)"  hits="0"  signature="()V" >
				<lines><line number="5"  hits="0" /></lines>
			</method>
			<method name="(anonymous_602)"  hits="0"  signature="()V" >
				<lines><line number="5"  hits="0" /></lines>
			</method>
			<method name="(anonymous_603)"  hits="0"  signature="()V" >
				<lines><line number="5"  hits="0" /></lines>
			</method>
			<method name="(anonymous_604)"  hits="2"  signature="()V" >
				<lines><line number="5"  hits="2" /></lines>
			</method>
			<method name="(anonymous_605)"  hits="18"  signature="()V" >
				<lines><line number="5"  hits="18" /></lines>
			</method>
			<method name="(anonymous_606)"  hits="0"  signature="()V" >
				<lines><line number="5"  hits="0" /></lines>
			</method>
			<method name="(anonymous_607)"  hits="2"  signature="()V" >
				<lines><line number="5"  hits="2" /></lines>
			</method>
			<method name="(anonymous_608)"  hits="2"  signature="()V" >
				<lines><line number="5"  hits="2" /></lines>
			</method>
			<method name="(anonymous_609)"  hits="0"  signature="()V" >
				<lines><line number="5"  hits="0" /></lines>
			</method>
			<method name="(anonymous_610)"  hits="24"  signature="()V" >
				<lines><line number="5"  hits="24" /></lines>
			</method>
			<method name="(anonymous_611)"  hits="28"  signature="()V" >
				<lines><line number="5"  hits="28" /></lines>
			</method>
			<method name="(anonymous_612)"  hits="0"  signature="()V" >
				<lines><line number="5"  hits="0" /></lines>
			</method>
			<method name="(anonymous_613)"  hits="0"  signature="()V" >
				<lines><line number="5"  hits="0" /></lines>
			</method>
			<method name="(anonymous_614)"  hits="0"  signature="()V" >
				<lines><line number="5"  hits="0" /></lines>
			</method>
			<method name="(anonymous_615)"  hits="0"  signature="()V" >
				<lines><line number="5"  hits="0" /></lines>
			</method>
			<method name="(anonymous_616)"  hits="0"  signature="()V" >
				<lines><line number="5"  hits="0" /></lines>
			</method>
			<method name="(anonymous_617)"  hits="2"  signature="()V" >
				<lines><line number="5"  hits="2" /></lines>
			</method>
			<method name="(anonymous_618)"  hits="2"  signature="()V" >
				<lines><line number="5"  hits="2" /></lines>
			</method>
			<method name="(anonymous_619)"  hits="0"  signature="()V" >
				<lines><line number="5"  hits="0" /></lines>
			</method>
			<method name="(anonymous_620)"  hits="0"  signature="()V" >
				<lines><line number="5"  hits="0" /></lines>
			</method>
			<method name="(anonymous_621)"  hits="2"  signature="()V" >
				<lines><line number="5"  hits="2" /></lines>
			</method>
			<method name="u"  hits="0"  signature="()V" >
				<lines><line number="5"  hits="0" /></lines>
			</method>
			<method name="b"  hits="0"  signature="()V" >
				<lines><line number="5"  hits="0" /></lines>
			</method>
			<method name="c"  hits="0"  signature="()V" >
				<lines><line number="5"  hits="0" /></lines>
			</method>
			<method name="pc"  hits="2"  signature="()V" >
				<lines><line number="5"  hits="2" /></lines>
			</method>
			<method name="(anonymous_626)"  hits="2"  signature="()V" >
				<lines><line number="5"  hits="2" /></lines>
			</method>
			<method name="c"  hits="0"  signature="()V" >
				<lines><line number="5"  hits="0" /></lines>
			</method>
			<method name="d"  hits="0"  signature="()V" >
				<lines><line number="5"  hits="0" /></lines>
			</method>
			<method name="(anonymous_629)"  hits="0"  signature="()V" >
				<lines><line number="5"  hits="0" /></lines>
			</method>
			<method name="(anonymous_630)"  hits="0"  signature="()V" >
				<lines><line number="5"  hits="0" /></lines>
			</method>
			<method name="(anonymous_631)"  hits="0"  signature="()V" >
				<lines><line number="5"  hits="0" /></lines>
			</method>
			<method name="(anonymous_632)"  hits="0"  signature="()V" >
				<lines><line number="5"  hits="0" /></lines>
			</method>
			<method name="(anonymous_633)"  hits="0"  signature="()V" >
				<lines><line number="5"  hits="0" /></lines>
			</method>
			<method name="qc"  hits="2"  signature="()V" >
				<lines><line number="5"  hits="2" /></lines>
			</method>
			<method name="a"  hits="2"  signature="()V" >
				<lines><line number="5"  hits="2" /></lines>
			</method>
			<method name="b"  hits="2"  signature="()V" >
				<lines><line number="5"  hits="2" /></lines>
			</method>
			<method name="(anonymous_637)"  hits="0"  signature="()V" >
				<lines><line number="5"  hits="0" /></lines>
			</method>
			<method name="(anonymous_638)"  hits="2"  signature="()V" >
				<lines><line number="5"  hits="2" /></lines>
			</method>
			<method name="m"  hits="0"  signature="()V" >
				<lines><line number="5"  hits="0" /></lines>
			</method>
			<method name="n"  hits="4"  signature="()V" >
				<lines><line number="5"  hits="4" /></lines>
			</method>
			<method name="o"  hits="2"  signature="()V" >
				<lines><line number="5"  hits="2" /></lines>
			</method>
			<method name="q"  hits="2"  signature="()V" >
				<lines><line number="5"  hits="2" /></lines>
			</method>
			<method name="r"  hits="0"  signature="()V" >
				<lines><line number="5"  hits="0" /></lines>
			</method>
			<method name="s"  hits="0"  signature="()V" >
				<lines><line number="5"  hits="0" /></lines>
			</method>
			<method name="u"  hits="0"  signature="()V" >
				<lines><line number="5"  hits="0" /></lines>
			</method>
			<method name="w"  hits="0"  signature="()V" >
				<lines><line number="5"  hits="0" /></lines>
			</method>
			<method name="x"  hits="0"  signature="()V" >
				<lines><line number="5"  hits="0" /></lines>
			</method>
			<method name="(anonymous_648)"  hits="0"  signature="()V" >
				<lines><line number="5"  hits="0" /></lines>
			</method>
			<method name="(anonymous_649)"  hits="4"  signature="()V" >
				<lines><line number="5"  hits="4" /></lines>
			</method>
			<method name="(anonymous_650)"  hits="0"  signature="()V" >
				<lines><line number="5"  hits="0" /></lines>
			</method>
			<method name="(anonymous_651)"  hits="0"  signature="()V" >
				<lines><line number="5"  hits="0" /></lines>
			</method>
			<method name="(anonymous_652)"  hits="0"  signature="()V" >
				<lines><line number="5"  hits="0" /></lines>
			</method>
			<method name="c"  hits="0"  signature="()V" >
				<lines><line number="5"  hits="0" /></lines>
			</method>
			<method name="(anonymous_654)"  hits="0"  signature="()V" >
				<lines><line number="5"  hits="0" /></lines>
			</method>
			<method name="(anonymous_655)"  hits="0"  signature="()V" >
				<lines><line number="5"  hits="0" /></lines>
			</method>
			<method name="(anonymous_656)"  hits="0"  signature="()V" >
				<lines><line number="5"  hits="0" /></lines>
			</method>
			<method name="(anonymous_657)"  hits="0"  signature="()V" >
				<lines><line number="5"  hits="0" /></lines>
			</method>
			<method name="(anonymous_658)"  hits="0"  signature="()V" >
				<lines><line number="5"  hits="0" /></lines>
			</method>
			<method name="(anonymous_659)"  hits="0"  signature="()V" >
				<lines><line number="5"  hits="0" /></lines>
			</method>
			<method name="(anonymous_660)"  hits="0"  signature="()V" >
				<lines><line number="5"  hits="0" /></lines>
			</method>
			<method name="c"  hits="0"  signature="()V" >
				<lines><line number="5"  hits="0" /></lines>
			</method>
			<method name="d"  hits="0"  signature="()V" >
				<lines><line number="5"  hits="0" /></lines>
			</method>
			<method name="(anonymous_663)"  hits="2"  signature="()V" >
				<lines><line number="5"  hits="2" /></lines>
			</method>
			<method name="(anonymous_664)"  hits="0"  signature="()V" >
				<lines><line number="5"  hits="0" /></lines>
			</method>
			<method name="(anonymous_665)"  hits="0"  signature="()V" >
				<lines><line number="5"  hits="0" /></lines>
			</method>
			<method name="(anonymous_666)"  hits="16"  signature="()V" >
				<lines><line number="5"  hits="16" /></lines>
			</method>
			<method name="(anonymous_667)"  hits="16"  signature="()V" >
				<lines><line number="5"  hits="16" /></lines>
			</method>
			<method name="(anonymous_668)"  hits="0"  signature="()V" >
				<lines><line number="5"  hits="0" /></lines>
			</method>
			<method name="(anonymous_669)"  hits="0"  signature="()V" >
				<lines><line number="5"  hits="0" /></lines>
			</method>
			<method name="(anonymous_670)"  hits="0"  signature="()V" >
				<lines><line number="5"  hits="0" /></lines>
			</method>
[...]
				<lines><line number="16"  hits="0" /></lines>
			</method>
			<method name="Context"  hits="0"  signature="()V" >
				<lines><line number="16"  hits="0" /></lines>
			</method>
			<method name="(anonymous_2782)"  hits="0"  signature="()V" >
				<lines><line number="16"  hits="0" /></lines>
			</method>
			<method name="(anonymous_2783)"  hits="0"  signature="()V" >
				<lines><line number="16"  hits="0" /></lines>
			</method>
			<method name="(anonymous_2784)"  hits="0"  signature="()V" >
				<lines><line number="16"  hits="0" /></lines>
			</method>
			<method name="(anonymous_2785)"  hits="0"  signature="()V" >
				<lines><line number="16"  hits="0" /></lines>
			</method>
			<method name="(anonymous_2786)"  hits="0"  signature="()V" >
				<lines><line number="16"  hits="0" /></lines>
			</method>
			<method name="(anonymous_2787)"  hits="0"  signature="()V" >
				<lines><line number="16"  hits="0" /></lines>
			</method>
			<method name="(anonymous_2788)"  hits="0"  signature="()V" >
				<lines><line number="16"  hits="0" /></lines>
			</method>
			<method name="(anonymous_2789)"  hits="0"  signature="()V" >
				<lines><line number="16"  hits="0" /></lines>
			</method>
			<method name="(anonymous_2790)"  hits="0"  signature="()V" >
				<lines><line number="16"  hits="0" /></lines>
			</method>
			<method name="(anonymous_2791)"  hits="0"  signature="()V" >
				<lines><line number="16"  hits="0" /></lines>
			</method>
			<method name="(anonymous_2792)"  hits="0"  signature="()V" >
				<lines><line number="16"  hits="0" /></lines>
			</method>
			<method name="(anonymous_2793)"  hits="0"  signature="()V" >
				<lines><line number="16"  hits="0" /></lines>
			</method>
			<method name="(anonymous_2794)"  hits="0"  signature="()V" >
				<lines><line number="16"  hits="0" /></lines>
			</method>
			<method name="(anonymous_2795)"  hits="0"  signature="()V" >
				<lines><line number="16"  hits="0" /></lines>
			</method>
			<method name="(anonymous_2796)"  hits="0"  signature="()V" >
				<lines><line number="16"  hits="0" /></lines>
			</method>
			<method name="(anonymous_2797)"  hits="0"  signature="()V" >
				<lines><line number="16"  hits="0" /></lines>
			</method>
			<method name="(anonymous_2798)"  hits="0"  signature="()V" >
				<lines><line number="16"  hits="0" /></lines>
			</method>
			<method name="(anonymous_2799)"  hits="0"  signature="()V" >
				<lines><line number="16"  hits="0" /></lines>
			</method>
			<method name="(anonymous_2800)"  hits="0"  signature="()V" >
				<lines><line number="16"  hits="0" /></lines>
			</method>
			<method name="(anonymous_2801)"  hits="0"  signature="()V" >
				<lines><line number="16"  hits="0" /></lines>
			</method>
			<method name="(anonymous_2802)"  hits="0"  signature="()V" >
				<lines><line number="16"  hits="0" /></lines>
			</method>
			<method name="(anonymous_2803)"  hits="1"  signature="()V" >
				<lines><line number="16"  hits="1" /></lines>
			</method>
			<method name="(anonymous_2804)"  hits="1"  signature="()V" >
				<lines><line number="16"  hits="1" /></lines>
			</method>
			<method name="d"  hits="1"  signature="()V" >
				<lines><line number="16"  hits="1" /></lines>
			</method>
			<method name="(anonymous_2806)"  hits="0"  signature="()V" >
				<lines><line number="16"  hits="0" /></lines>
			</method>
			<method name="(anonymous_2807)"  hits="0"  signature="()V" >
				<lines><line number="16"  hits="0" /></lines>
			</method>
			<method name="(anonymous_2808)"  hits="0"  signature="()V" >
				<lines><line number="16"  hits="0" /></lines>
			</method>
			<method name="(anonymous_2809)"  hits="0"  signature="()V" >
				<lines><line number="16"  hits="0" /></lines>
			</method>
			<method name="(anonymous_2810)"  hits="0"  signature="()V" >
				<lines><line number="16"  hits="0" /></lines>
			</method>
			<method name="(anonymous_2811)"  hits="0"  signature="()V" >
				<lines><line number="16"  hits="0" /></lines>
			</method>
			<method name="(anonymous_2812)"  hits="0"  signature="()V" >
				<lines><line number="16"  hits="0" /></lines>
			</method>
			<method name="(anonymous_2813)"  hits="0"  signature="()V" >
				<lines><line number="16"  hits="0" /></lines>
			</method>
			<method name="(anonymous_2814)"  hits="0"  signature="()V" >
				<lines><line number="16"  hits="0" /></lines>
			</method>
			<method name="(anonymous_2815)"  hits="0"  signature="()V" >
				<lines><line number="16"  hits="0" /></lines>
			</method>
			<method name="(anonymous_2816)"  hits="0"  signature="()V" >
				<lines><line number="16"  hits="0" /></lines>
			</method>
			<method name="(anonymous_2817)"  hits="0"  signature="()V" >
				<lines><line number="16"  hits="0" /></lines>
			</method>
			<method name="(anonymous_2818)"  hits="1"  signature="()V" >
				<lines><line number="16"  hits="1" /></lines>
			</method>
			<method name="(anonymous_2819)"  hits="0"  signature="()V" >
				<lines><line number="16"  hits="0" /></lines>
			</method>
			<method name="(anonymous_2820)"  hits="0"  signature="()V" >
				<lines><line number="16"  hits="0" /></lines>
			</method>
			<method name="(anonymous_2821)"  hits="0"  signature="()V" >
				<lines><line number="16"  hits="0" /></lines>
			</method>
			<method name="(anonymous_2822)"  hits="0"  signature="()V" >
				<lines><line number="16"  hits="0" /></lines>
			</method>
			<method name="(anonymous_2823)"  hits="0"  signature="()V" >
				<lines><line number="16"  hits="0" /></lines>
			</method>
			<method name="(anonymous_2824)"  hits="1"  signature="()V" >
				<lines><line number="16"  hits="1" /></lines>
			</method>
			<method name="(anonymous_2825)"  hits="0"  signature="()V" >
				<lines><line number="16"  hits="0" /></lines>
			</method>
			<method name="(anonymous_2826)"  hits="0"  signature="()V" >
				<lines><line number="16"  hits="0" /></lines>
			</method>
			<method name="(anonymous_2827)"  hits="0"  signature="()V" >
				<lines><line number="16"  hits="0" /></lines>
			</method>
			<method name="(anonymous_2828)"  hits="0"  signature="()V" >
				<lines><line number="16"  hits="0" /></lines>
			</method>
			<method name="(anonymous_2829)"  hits="1"  signature="()V" >
				<lines><line number="16"  hits="1" /></lines>
			</method>
			<method name="(anonymous_2830)"  hits="1"  signature="()V" >
				<lines><line number="16"  hits="1" /></lines>
			</method>
			<method name="(anonymous_2831)"  hits="1"  signature="()V" >
				<lines><line number="16"  hits="1" /></lines>
			</method>
			<method name="(anonymous_2832)"  hits="1"  signature="()V" >
				<lines><line number="16"  hits="1" /></lines>
			</method>
			<method name="(anonymous_2833)"  hits="1"  signature="()V" >
				<lines><line number="16"  hits="1" /></lines>
			</method>
			<method name="(anonymous_2834)"  hits="1"  signature="()V" >
				<lines><line number="16"  hits="1" /></lines>
			</method>
			<method name="(anonymous_2835)"  hits="0"  signature="()V" >
				<lines><line number="16"  hits="0" /></lines>
			</method>
			<method name="(anonymous_2836)"  hits="1"  signature="()V" >
				<lines><line number="16"  hits="1" /></lines>
			</method>
			<method name="(anonymous_2837)"  hits="34"  signature="()V" >
				<lines><line number="16"  hits="34" /></lines>
			</method>
			<method name="(anonymous_2838)"  hits="0"  signature="()V" >
				<lines><line number="16"  hits="0" /></lines>
			</method>
			<method name="(anonymous_2839)"  hits="1"  signature="()V" >
				<lines><line number="16"  hits="1" /></lines>
			</method>
			<method name="(anonymous_2840)"  hits="1"  signature="()V" >
				<lines><line number="16"  hits="1" /></lines>
			</method>
			<method name="(anonymous_2841)"  hits="9"  signature="()V" >
				<lines><line number="16"  hits="9" /></lines>
			</method>
			<method name="(anonymous_2842)"  hits="1"  signature="()V" >
				<lines><line number="16"  hits="1" /></lines>
			</method>
			<method name="(anonymous_2843)"  hits="2"  signature="()V" >
				<lines><line number="16"  hits="2" /></lines>
			</method>
			<method name="(anonymous_2844)"  hits="2"  signature="()V" >
				<lines><line number="16"  hits="2" /></lines>
			</method>
			<method name="(anonymous_2845)"  hits="26"  signature="()V" >
				<lines><line number="16"  hits="26" /></lines>
			</method>
			<method name="(anonymous_2846)"  hits="1"  signature="()V" >
				<lines><line number="16"  hits="1" /></lines>
			</method>
			<method name="(anonymous_2847)"  hits="1"  signature="()V" >
				<lines><line number="16"  hits="1" /></lines>
			</method>
			<method name="(anonymous_2848)"  hits="1"  signature="()V" >
				<lines><line number="16"  hits="1" /></lines>
			</method>
			<method name="(anonymous_2849)"  hits="1"  signature="()V" >
				<lines><line number="16"  hits="1" /></lines>
			</method>
			<method name="(anonymous_2850)"  hits="1"  signature="()V" >
				<lines><line number="16"  hits="1" /></lines>
			</method>
			<method name="(anonymous_2851)"  hits="1"  signature="()V" >
				<lines><line number="16"  hits="1" /></lines>
			</method>
			<method name="(anonymous_2852)"  hits="1"  signature="()V" >
				<lines><line number="16"  hits="1" /></lines>
			</method>
			<method name="(anonymous_2853)"  hits="0"  signature="()V" >
				<lines><line number="17"  hits="0" /></lines>
			</method>
			<method name="(anonymous_2854)"  hits="0"  signature="()V" >
				<lines><line number="17"  hits="0" /></lines>
			</method>
			<method name="(anonymous_2855)"  hits="0"  signature="()V" >
				<lines><line number="17"  hits="0" /></lines>
			</method>
			<method name="(anonymous_2856)"  hits="0"  signature="()V" >
				<lines><line number="17"  hits="0" /></lines>
			</method>
			<method name="(anonymous_2857)"  hits="0"  signature="()V" >
				<lines><line number="17"  hits="0" /></lines>
			</method>
			<method name="(anonymous_2858)"  hits="0"  signature="()V" >
				<lines><line number="17"  hits="0" /></lines>
			</method>
			<method name="(anonymous_2859)"  hits="0"  signature="()V" >
				<lines><line number="17"  hits="0" /></lines>
			</method>
			<method name="(anonymous_2860)"  hits="0"  signature="()V" >
				<lines><line number="17"  hits="0" /></lines>
			</method>
			<method name="(anonymous_2861)"  hits="0"  signature="()V" >
				<lines><line number="17"  hits="0" /></lines>
			</method>
			<method name="(anonymous_2862)"  hits="0"  signature="()V" >
				<lines><line number="17"  hits="0" /></lines>
			</method>
			<method name="(anonymous_2863)"  hits="0"  signature="()V" >
				<lines><line number="17"  hits="0" /></lines>
			</method>
			<method name="(anonymous_2864)"  hits="1"  signature="()V" >
				<lines><line number="17"  hits="1" /></lines>
			</method>
			<method name="(anonymous_2865)"  hits="0"  signature="()V" >
				<lines><line number="17"  hits="0" /></lines>
			</method>
			<method name="(anonymous_2866)"  hits="0"  signature="()V" >
				<lines><line number="17"  hits="0" /></lines>
			</method>
			<method name="(anonymous_2867)"  hits="0"  signature="()V" >
				<lines><line number="17"  hits="0" /></lines>
			</method>
			<method name="(anonymous_2868)"  hits="0"  signature="()V" >
				<lines><line number="17"  hits="0" /></lines>
			</method>
			<method name="(anonymous_2869)"  hits="0"  signature="()V" >
				<lines><line number="17"  hits="0" /></lines>
			</method>
			<method name="(anonymous_2870)"  hits="0"  signature="()V" >
				<lines><line number="17"  hits="0" /></lines>
			</method>
			<method name="(anonymous_2871)"  hits="0"  signature="()V" >
				<lines><line number="17"  hits="0" /></lines>
			</method>
			<method name="(anonymous_2872)"  hits="1"  signature="()V" >
				<lines><line number="17"  hits="1" /></lines>
			</method>
			<method name="(anonymous_2873)"  hits="1"  signature="()V" >
				<lines><line number="17"  hits="1" /></lines>
			</method>
			<method name="(anonymous_2874)"  hits="0"  signature="()V" >
				<lines><line number="17"  hits="0" /></lines>
			</method>
			<method name="(anonymous_2875)"  hits="0"  signature="()V" >
				<lines><line number="17"  hits="0" /></lines>
			</method>
			<method name="(anonymous_2876)"  hits="0"  signature="()V" >
				<lines><line number="17"  hits="0" /></lines>
			</method>
			<method name="(anonymous_2877)"  hits="0"  signature="()V" >
				<lines><line number="17"  hits="0" /></lines>
			</method>
			<method name="(anonymous_2878)"  hits="0"  signature="()V" >
				<lines><line number="17"  hits="0" /></lines>
			</method>
			<method name="(anonymous_2879)"  hits="0"  signature="()V" >
				<lines><line number="17"  hits="0" /></lines>
			</method>
			<method name="(anonymous_2880)"  hits="0"  signature="()V" >
				<lines><line number="17"  hits="0" /></lines>
			</method>
			<method name="(anonymous_2881)"  hits="0"  signature="()V" >
				<lines><line number="17"  hits="0" /></lines>
			</method>
			<method name="(anonymous_2882)"  hits="0"  signature="()V" >
				<lines><line number="17"  hits="0" /></lines>
			</method>
			<method name="e"  hits="0"  signature="()V" >
				<lines><line number="17"  hits="0" /></lines>
			</method>
			<method name="(anonymous_2884)"  hits="0"  signature="()V" >
				<lines><line number="17"  hits="0" /></lines>
			</method>
			<method name="(anonymous_2885)"  hits="0"  signature="()V" >
				<lines><line number="17"  hits="0" /></lines>
			</method>
			<method name="(anonymous_2886)"  hits="0"  signature="()V" >
				<lines><line number="17"  hits="0" /></lines>
			</method>
			<method name="(anonymous_2887)"  hits="0"  signature="()V" >
				<lines><line number="17"  hits="0" /></lines>
			</method>
			<method name="(anonymous_2888)"  hits="0"  signature="()V" >
				<lines><line number="17"  hits="0" /></lines>
			</method>
			<method name="(anonymous_2889)"  hits="0"  signature="()V" >
				<lines><line number="17"  hits="0" /></lines>
			</method>
			<method name="(anonymous_2890)"  hits="0"  signature="()V" >
				<lines><line number="17"  hits="0" /></lines>
			</method>
			<method name="(anonymous_2891)"  hits="0"  signature="()V" >
				<lines><line number="17"  hits="0" /></lines>
			</method>
			<method name="(anonymous_2892)"  hits="0"  signature="()V" >
				<lines><line number="17"  hits="0" /></lines>
			</method>
			<method name="(anonymous_2893)"  hits="0"  signature="()V" >
				<lines><line number="17"  hits="0" /></lines>
			</method>
			<method name="(anonymous_2894)"  hits="1"  signature="()V" >
				<lines><line number="17"  hits="1" /></lines>
			</method>
			<method name="d"  hits="0"  signature="()V" >
				<lines><line number="17"  hits="0" /></lines>
			</method>
			<method name="e"  hits="0"  signature="()V" >
				<lines><line number="17"  hits="0" /></lines>
			</method>
			<method name="f"  hits="0"  signature="()V" >
				<lines><line number="17"  hits="0" /></lines>
			</method>
			<method name="g"  hits="0"  signature="()V" >
				<lines><line number="17"  hits="0" /></lines>
			</method>
			<method name="h"  hits="0"  signature="()V" >
				<lines><line number="17"  hits="0" /></lines>
			</method>
			<method name="i"  hits="0"  signature="()V" >
				<lines><line number="17"  hits="0" /></lines>
			</method>
			<method name="j"  hits="0"  signature="()V" >
				<lines><line number="17"  hits="0" /></lines>
			</method>
			<method name="k"  hits="0"  signature="()V" >
				<lines><line number="17"  hits="0" /></lines>
			</method>
			<method name="l"  hits="0"  signature="()V" >
				<lines><line number="17"  hits="0" /></lines>
			</method>
			<method name="m"  hits="0"  signature="()V" >
				<lines><line number="17"  hits="0" /></lines>
			</method>
			<method name="n"  hits="0"  signature="()V" >
				<lines><line number="17"  hits="0" /></lines>
			</method>
			<method name="(anonymous_2906)"  hits="0"  signature="()V" >
				<lines><line number="17"  hits="0" /></lines>
			</method>
			<method name="(anonymous_2907)"  hits="1"  signature="()V" >
				<lines><line number="17"  hits="1" /></lines>
			</method>
			<method name="(anonymous_2908)"  hits="1"  signature="()V" >
				<lines><line number="17"  hits="1" /></lines>
			</method>
			<method name="(anonymous_2909)"  hits="0"  signature="()V" >
				<lines><line number="17"  hits="0" /></lines>
			</method>
			<method name="(anonymous_2910)"  hits="0"  signature="()V" >
				<lines><line number="17"  hits="0" /></lines>
			</method>
			<method name="(anonymous_2911)"  hits="0"  signature="()V" >
				<lines><line number="17"  hits="0" /></lines>
			</method>
			<method name="(anonymous_2912)"  hits="0"  signature="()V" >
				<lines><line number="17"  hits="0" /></lines>
			</method>
			<method name="(anonymous_2913)"  hits="1"  signature="()V" >
				<lines><line number="17"  hits="1" /></lines>
			</method>
			<method name="(anonymous_2914)"  hits="0"  signature="()V" >
				<lines><line number="17"  hits="0" /></lines>
			</method>
			<method name="(anonymous_2915)"  hits="0"  signature="()V" >
				<lines><line number="17"  hits="0" /></lines>
			</method>
			<method name="(anonymous_2916)"  hits="0"  signature="()V" >
				<lines><line number="17"  hits="0" /></lines>
			</method>
			<method name="(anonymous_2917)"  hits="1"  signature="()V" >
				<lines><line number="17"  hits="1" /></lines>
			</method>
			<method name="(anonymous_2918)"  hits="1"  signature="()V" >
				<lines><line number="17"  hits="1" /></lines>
			</method>
			<method name="(anonymous_2919)"  hits="1"  signature="()V" >
				<lines><line number="17"  hits="1" /></lines>
			</method>
			<method name="(anonymous_2920)"  hits="0"  signature="()V" >
				<lines><line number="17"  hits="0" /></lines>
			</method>
			<method name="(anonymous_2921)"  hits="0"  signature="()V" >
				<lines><line number="17"  hits="0" /></lines>
			</method>
			<method name="(anonymous_2922)"  hits="0"  signature="()V" >
				<lines><line number="17"  hits="0" /></lines>
			</method>
			<method name="(anonymous_2923)"  hits="2"  signature="()V" >
				<lines><line number="17"  hits="2" /></lines>
			</method>
			<method name="(anonymous_2924)"  hits="0"  signature="()V" >
				<lines><line number="17"  hits="0" /></lines>
			</method>
			<method name="(anonymous_2925)"  hits="0"  signature="()V" >
				<lines><line number="17"  hits="0" /></lines>
			</method>
			<method name="(anonymous_2926)"  hits="1"  signature="()V" >
				<lines><line number="17"  hits="1" /></lines>
			</method>
		</methods>
		<lines>
			<line number="3"  hits="615"  branch="true"  condition-coverage="31.060606060606062% (287/924)" />
			<line number="4"  hits="170"  branch="true"  condition-coverage="20.927936821322803% (212/1013)" />
			<line number="5"  hits="72"  branch="true"  condition-coverage="11.591148577449948% (110/949)" />
			<line number="6"  hits="191"  branch="true"  condition-coverage="6.334231805929918% (47/742)" />
			<line number="7"  hits="18"  branch="true"  condition-coverage="0.5952380952380952% (4/672)" />
			<line number="8"  hits="882"  branch="true"  condition-coverage="15.88156123822342% (118/743)" />
			<line number="9"  hits="26"  branch="true"  condition-coverage="3.7037037037037033% (18/486)" />
			<line number="10"  hits="4"  branch="true"  condition-coverage="0.4807692307692308% (2/416)" />
			<line number="11"  hits="12"  branch="true"  condition-coverage="0% (0/152)" />
			<line number="12"  hits="34"  branch="true"  condition-coverage="1.2861736334405145% (4/311)" />
			<line number="13"  hits="589"  branch="true"  condition-coverage="3.481624758220503% (18/517)" />
			<line number="14"  hits="2464"  branch="true"  condition-coverage="6.333333333333334% (19/300)" />
			<line number="15"  hits="62"  branch="true"  condition-coverage="17.01346389228886% (139/817)" />
			<line number="16"  hits="60"  branch="true"  condition-coverage="17.72315653298836% (137/773)" />
			<line number="17"  hits="256"  branch="true"  condition-coverage="15.789473684210526% (51/323)" />
		</lines>
		</class>
	</classes>
	</package>
</packages>
</coverage>
