<?xml version="1.0" ?>
<!DOCTYPE coverage SYSTEM "http://cobertura.sourceforge.net/xml/coverage-04.dtd">
<coverage lines-valid="72"  lines-covered="64"  line-rate="0.8889"  branches-valid="12"  branches-covered="6"  branch-rate="0.5"  timestamp="1429228990012" complexity="0" version="0.1">
<sources>
	<source>C:\Users\VIANCH\Desktop\NavExercise-master\test\config</source>
</sources>
<packages>
	<package name="..public.js"  line-rate="0.8889"  branch-rate="0.5" >
	<classes>
		<class name="app.js"  filename="public\js\app.js"  line-rate="0.8889"  branch-rate="0.5" >
		<methods>
			<method name="(anonymous_1)"  hits="1"  signature="()V" >
				<lines><line number="8"  hits="1" /></lines>
			</method>
			<method name="(anonymous_2)"  hits="12"  signature="()V" >
				<lines><line number="11"  hits="12" /></lines>
			</method>
			<method name="(anonymous_3)"  hits="11"  signature="()V" >
				<lines><line number="12"  hits="11" /></lines>
			</method>
			<method name="(anonymous_4)"  hits="11"  signature="()V" >
				<lines><line number="27"  hits="11" /></lines>
			</method>
			<method name="controller"  hits="11"  signature="()V" >
				<lines><line number="30"  hits="11" /></lines>
			</method>
			<method name="(anonymous_6)"  hits="11"  signature="()V" >
				<lines><line number="34"  hits="11" /></lines>
			</method>
			<method name="(anonymous_7)"  hits="0"  signature="()V" >
				<lines><line number="37"  hits="0" /></lines>
			</method>
			<method name="(anonymous_8)"  hits="1"  signature="()V" >
				<lines><line number="44"  hits="1" /></lines>
			</method>
			<method name="(anonymous_9)"  hits="3"  signature="()V" >
				<lines><line number="57"  hits="3" /></lines>
			</method>
			<method name="(anonymous_10)"  hits="1"  signature="()V" >
				<lines><line number="70"  hits="1" /></lines>
			</method>
			<method name="(anonymous_11)"  hits="1"  signature="()V" >
				<lines><line number="82"  hits="1" /></lines>
			</method>
			<method name="(anonymous_12)"  hits="1"  signature="()V" >
				<lines><line number="89"  hits="1" /></lines>
			</method>
			<method name="(anonymous_13)"  hits="11"  signature="()V" >
				<lines><line number="96"  hits="11" /></lines>
			</method>
			<method name="(anonymous_14)"  hits="0"  signature="()V" >
				<lines><line number="98"  hits="0" /></lines>
			</method>
			<method name="(anonymous_15)"  hits="1"  signature="()V" >
				<lines><line number="105"  hits="1" /></lines>
			</method>
			<method name="(anonymous_16)"  hits="0"  signature="()V" >
				<lines><line number="109"  hits="0" /></lines>
			</method>
			<method name="(anonymous_17)"  hits="0"  signature="()V" >
				<lines><line number="110"  hits="0" /></lines>
			</method>
		</methods>
		<lines>
			<line number="4"  hits="1"  branch="false" />
			<line number="7"  hits="1"  branch="false" />
			<line number="8"  hits="1"  branch="false" />
			<line number="11"  hits="1"  branch="false" />
			<line number="12"  hits="12"  branch="false" />
			<line number="13"  hits="11"  branch="false" />
			<line number="14"  hits="11"  branch="true"  condition-coverage="50% (1/2)" />
			<line number="15"  hits="11"  branch="false" />
			<line number="17"  hits="11"  branch="false" />
			<line number="18"  hits="11"  branch="false" />
			<line number="19"  hits="11"  branch="false" />
			<line number="22"  hits="12"  branch="false" />
			<line number="27"  hits="1"  branch="false" />
			<line number="28"  hits="11"  branch="false" />
			<line number="30"  hits="1"  branch="false" />
			<line number="31"  hits="11"  branch="false" />
			<line number="32"  hits="11"  branch="false" />
			<line number="34"  hits="11"  branch="false" />
			<line number="35"  hits="11"  branch="false" />
			<line number="36"  hits="11"  branch="false" />
			<line number="37"  hits="11"  branch="false" />
			<line number="38"  hits="0"  branch="true"  condition-coverage="0% (0/4)" />
			<line number="39"  hits="0"  branch="false" />
			<line number="44"  hits="11"  branch="false" />
			<line number="45"  hits="1"  branch="false" />
			<line number="47"  hits="1"  branch="false" />
			<line number="48"  hits="1"  branch="false" />
			<line number="49"  hits="1"  branch="true"  condition-coverage="50% (1/2)" />
			<line number="50"  hits="1"  branch="false" />
			<line number="51"  hits="1"  branch="false" />
			<line number="53"  hits="1"  branch="false" />
			<line number="54"  hits="1"  branch="false" />
			<line number="57"  hits="11"  branch="false" />
			<line number="58"  hits="3"  branch="false" />
			<line number="60"  hits="3"  branch="true"  condition-coverage="100% (2/2)" />
			<line number="61"  hits="2"  branch="false" />
			<line number="62"  hits="2"  branch="false" />
			<line number="63"  hits="6"  branch="false" />
			<line number="65"  hits="2"  branch="false" />
			<line number="67"  hits="3"  branch="false" />
			<line number="70"  hits="11"  branch="false" />
			<line number="71"  hits="1"  branch="false" />
			<line number="72"  hits="1"  branch="false" />
			<line number="73"  hits="1"  branch="false" />
			<line number="74"  hits="1"  branch="false" />
			<line number="75"  hits="1"  branch="false" />
			<line number="76"  hits="1"  branch="false" />
			<line number="77"  hits="1"  branch="false" />
			<line number="78"  hits="1"  branch="false" />
			<line number="79"  hits="1"  branch="false" />
			<line number="82"  hits="11"  branch="false" />
			<line number="83"  hits="1"  branch="false" />
			<line number="84"  hits="1"  branch="false" />
			<line number="85"  hits="4"  branch="false" />
			<line number="89"  hits="11"  branch="false" />
			<line number="90"  hits="1"  branch="false" />
			<line number="91"  hits="1"  branch="false" />
			<line number="92"  hits="0"  branch="false" />
			<line number="96"  hits="11"  branch="false" />
			<line number="97"  hits="11"  branch="false" />
			<line number="98"  hits="11"  branch="false" />
			<line number="99"  hits="0"  branch="false" />
			<line number="100"  hits="0"  branch="false" />
			<line number="101"  hits="0"  branch="false" />
			<line number="105"  hits="11"  branch="false" />
			<line number="106"  hits="1"  branch="false" />
			<line number="109"  hits="11"  branch="false" />
			<line number="110"  hits="0"  branch="false" />
			<line number="111"  hits="0"  branch="false" />
			<line number="116"  hits="11"  branch="false" />
			<line number="119"  hits="1"  branch="false" />
			<line number="120"  hits="1"  branch="false" />
		</lines>
		</class>
	</classes>
	</package>
</packages>
</coverage>
